-----------------------------[ Source ]-----------------------------
date [ Tue Sep 17 11:27:12 BRT 2013 ] 
--------------------------------------------------------------------
Try create version 'Cpp' fron file /mnt/windows/Users/GUSTAVO/Dropbox/eng_comp/NetBeansProjects/EvolutivosTP1
out:clear '/mnt/windows/Users/GUSTAVO/Dropbox/eng_comp/NetBeansProjects/EvolutivosTP1/work_space/code/Cpp'
out:copy /mnt/windows/Users/GUSTAVO/Dropbox/eng_comp/NetBeansProjects/EvolutivosTP1/config.cfg
out:copy /mnt/windows/Users/GUSTAVO/Dropbox/eng_comp/NetBeansProjects/EvolutivosTP1/ACKCodification.cpp
out:copy /mnt/windows/Users/GUSTAVO/Dropbox/eng_comp/NetBeansProjects/EvolutivosTP1/ACKCodification.h
out:copy /mnt/windows/Users/GUSTAVO/Dropbox/eng_comp/NetBeansProjects/EvolutivosTP1/ACKObjective.cpp
out:copy /mnt/windows/Users/GUSTAVO/Dropbox/eng_comp/NetBeansProjects/EvolutivosTP1/ACKObjective.h
out:copy /mnt/windows/Users/GUSTAVO/Dropbox/eng_comp/NetBeansProjects/EvolutivosTP1/ACKOperator.cpp
out:copy /mnt/windows/Users/GUSTAVO/Dropbox/eng_comp/NetBeansProjects/EvolutivosTP1/ACKOperator.h
out:copy /mnt/windows/Users/GUSTAVO/Dropbox/eng_comp/NetBeansProjects/EvolutivosTP1/ACKProblem.cpp
out:copy /mnt/windows/Users/GUSTAVO/Dropbox/eng_comp/NetBeansProjects/EvolutivosTP1/ACKProblem.h
out:copy /mnt/windows/Users/GUSTAVO/Dropbox/eng_comp/NetBeansProjects/EvolutivosTP1/aRealMultiObj.h
out:copy /mnt/windows/Users/GUSTAVO/Dropbox/eng_comp/NetBeansProjects/EvolutivosTP1/aRealSingleObj.h
out:copy /mnt/windows/Users/GUSTAVO/Dropbox/eng_comp/NetBeansProjects/EvolutivosTP1/aStop.cpp
out:copy /mnt/windows/Users/GUSTAVO/Dropbox/eng_comp/NetBeansProjects/EvolutivosTP1/aStop.h
out:copy /mnt/windows/Users/GUSTAVO/Dropbox/eng_comp/NetBeansProjects/EvolutivosTP1/Best.cpp
out:copy /mnt/windows/Users/GUSTAVO/Dropbox/eng_comp/NetBeansProjects/EvolutivosTP1/Best.h
out:copy /mnt/windows/Users/GUSTAVO/Dropbox/eng_comp/NetBeansProjects/EvolutivosTP1/BestPareto.cpp
out:copy /mnt/windows/Users/GUSTAVO/Dropbox/eng_comp/NetBeansProjects/EvolutivosTP1/BestPareto.h
out:copy /mnt/windows/Users/GUSTAVO/Dropbox/eng_comp/NetBeansProjects/EvolutivosTP1/BestSol.cpp
out:copy /mnt/windows/Users/GUSTAVO/Dropbox/eng_comp/NetBeansProjects/EvolutivosTP1/BestSol.h
out:copy /mnt/windows/Users/GUSTAVO/Dropbox/eng_comp/NetBeansProjects/EvolutivosTP1/BoundDbl.cpp
out:copy /mnt/windows/Users/GUSTAVO/Dropbox/eng_comp/NetBeansProjects/EvolutivosTP1/BoundDbl.h
out:copy /mnt/windows/Users/GUSTAVO/Dropbox/eng_comp/NetBeansProjects/EvolutivosTP1/BoundInt.cpp
out:copy /mnt/windows/Users/GUSTAVO/Dropbox/eng_comp/NetBeansProjects/EvolutivosTP1/BoundInt.h
out:copy /mnt/windows/Users/GUSTAVO/Dropbox/eng_comp/NetBeansProjects/EvolutivosTP1/BRCodification.cpp
out:copy /mnt/windows/Users/GUSTAVO/Dropbox/eng_comp/NetBeansProjects/EvolutivosTP1/BRCodification.h
out:copy /mnt/windows/Users/GUSTAVO/Dropbox/eng_comp/NetBeansProjects/EvolutivosTP1/BRObjective.cpp
out:copy /mnt/windows/Users/GUSTAVO/Dropbox/eng_comp/NetBeansProjects/EvolutivosTP1/BRObjective.h
out:copy /mnt/windows/Users/GUSTAVO/Dropbox/eng_comp/NetBeansProjects/EvolutivosTP1/BROperator.cpp
out:copy /mnt/windows/Users/GUSTAVO/Dropbox/eng_comp/NetBeansProjects/EvolutivosTP1/BROperator.h
out:copy /mnt/windows/Users/GUSTAVO/Dropbox/eng_comp/NetBeansProjects/EvolutivosTP1/BRProblem.cpp
out:copy /mnt/windows/Users/GUSTAVO/Dropbox/eng_comp/NetBeansProjects/EvolutivosTP1/BRProblem.h
out:copy /mnt/windows/Users/GUSTAVO/Dropbox/eng_comp/NetBeansProjects/EvolutivosTP1/CMCodification.cpp
out:copy /mnt/windows/Users/GUSTAVO/Dropbox/eng_comp/NetBeansProjects/EvolutivosTP1/CMObjective.cpp
out:copy /mnt/windows/Users/GUSTAVO/Dropbox/eng_comp/NetBeansProjects/EvolutivosTP1/CMObjective.h
out:copy /mnt/windows/Users/GUSTAVO/Dropbox/eng_comp/NetBeansProjects/EvolutivosTP1/CMOperator.cpp
out:copy /mnt/windows/Users/GUSTAVO/Dropbox/eng_comp/NetBeansProjects/EvolutivosTP1/CMOperator.h
out:copy /mnt/windows/Users/GUSTAVO/Dropbox/eng_comp/NetBeansProjects/EvolutivosTP1/CMProblem.cpp
out:copy /mnt/windows/Users/GUSTAVO/Dropbox/eng_comp/NetBeansProjects/EvolutivosTP1/CMProblem.h
out:copy /mnt/windows/Users/GUSTAVO/Dropbox/eng_comp/NetBeansProjects/EvolutivosTP1/Codification.cpp
out:copy /mnt/windows/Users/GUSTAVO/Dropbox/eng_comp/NetBeansProjects/EvolutivosTP1/Codification.h
out:copy /mnt/windows/Users/GUSTAVO/Dropbox/eng_comp/NetBeansProjects/EvolutivosTP1/ComDefines.cpp
out:copy /mnt/windows/Users/GUSTAVO/Dropbox/eng_comp/NetBeansProjects/EvolutivosTP1/ComDefines.h
out:copy /mnt/windows/Users/GUSTAVO/Dropbox/eng_comp/NetBeansProjects/EvolutivosTP1/cReal.cpp
out:copy /mnt/windows/Users/GUSTAVO/Dropbox/eng_comp/NetBeansProjects/EvolutivosTP1/cReal.h
out:copy /mnt/windows/Users/GUSTAVO/Dropbox/eng_comp/NetBeansProjects/EvolutivosTP1/dFactory.h
out:copy /mnt/windows/Users/GUSTAVO/Dropbox/eng_comp/NetBeansProjects/EvolutivosTP1/dNeed.h
out:copy /mnt/windows/Users/GUSTAVO/Dropbox/eng_comp/NetBeansProjects/EvolutivosTP1/dService.h
out:copy /mnt/windows/Users/GUSTAVO/Dropbox/eng_comp/NetBeansProjects/EvolutivosTP1/dVertex.cpp
out:copy /mnt/windows/Users/GUSTAVO/Dropbox/eng_comp/NetBeansProjects/EvolutivosTP1/dVertex.h
out:copy /mnt/windows/Users/GUSTAVO/Dropbox/eng_comp/NetBeansProjects/EvolutivosTP1/EXPCodification.cpp
out:copy /mnt/windows/Users/GUSTAVO/Dropbox/eng_comp/NetBeansProjects/EvolutivosTP1/EXPCodification.h
out:copy /mnt/windows/Users/GUSTAVO/Dropbox/eng_comp/NetBeansProjects/EvolutivosTP1/EXPObjective.cpp
out:copy /mnt/windows/Users/GUSTAVO/Dropbox/eng_comp/NetBeansProjects/EvolutivosTP1/EXPObjective.h
out:copy /mnt/windows/Users/GUSTAVO/Dropbox/eng_comp/NetBeansProjects/EvolutivosTP1/EXPOperator.cpp
out:copy /mnt/windows/Users/GUSTAVO/Dropbox/eng_comp/NetBeansProjects/EvolutivosTP1/EXPOperator.h
out:copy /mnt/windows/Users/GUSTAVO/Dropbox/eng_comp/NetBeansProjects/EvolutivosTP1/EXPProblem.cpp
out:copy /mnt/windows/Users/GUSTAVO/Dropbox/eng_comp/NetBeansProjects/EvolutivosTP1/EXPProblem.h
out:copy /mnt/windows/Users/GUSTAVO/Dropbox/eng_comp/NetBeansProjects/EvolutivosTP1/Fact.cpp
out:copy /mnt/windows/Users/GUSTAVO/Dropbox/eng_comp/NetBeansProjects/EvolutivosTP1/Fact.h
out:copy /mnt/windows/Users/GUSTAVO/Dropbox/eng_comp/NetBeansProjects/EvolutivosTP1/Factory.h
out:copy /mnt/windows/Users/GUSTAVO/Dropbox/eng_comp/NetBeansProjects/EvolutivosTP1/fProblem.cpp
out:copy /mnt/windows/Users/GUSTAVO/Dropbox/eng_comp/NetBeansProjects/EvolutivosTP1/fProblem.h
out:copy /mnt/windows/Users/GUSTAVO/Dropbox/eng_comp/NetBeansProjects/EvolutivosTP1/fRealOperator.cpp
out:copy /mnt/windows/Users/GUSTAVO/Dropbox/eng_comp/NetBeansProjects/EvolutivosTP1/fRealOperator.h
out:copy /mnt/windows/Users/GUSTAVO/Dropbox/eng_comp/NetBeansProjects/EvolutivosTP1/fRun.cpp
out:copy /mnt/windows/Users/GUSTAVO/Dropbox/eng_comp/NetBeansProjects/EvolutivosTP1/FUNCodification.cpp
out:copy /mnt/windows/Users/GUSTAVO/Dropbox/eng_comp/NetBeansProjects/EvolutivosTP1/FUNCodification.h
out:copy /mnt/windows/Users/GUSTAVO/Dropbox/eng_comp/NetBeansProjects/EvolutivosTP1/FUNObjective.cpp
out:copy /mnt/windows/Users/GUSTAVO/Dropbox/eng_comp/NetBeansProjects/EvolutivosTP1/FUNObjective.h
out:copy /mnt/windows/Users/GUSTAVO/Dropbox/eng_comp/NetBeansProjects/EvolutivosTP1/FUNOperator.cpp
out:copy /mnt/windows/Users/GUSTAVO/Dropbox/eng_comp/NetBeansProjects/EvolutivosTP1/FUNOperator.h
out:copy /mnt/windows/Users/GUSTAVO/Dropbox/eng_comp/NetBeansProjects/EvolutivosTP1/FUNProblem.cpp
out:copy /mnt/windows/Users/GUSTAVO/Dropbox/eng_comp/NetBeansProjects/EvolutivosTP1/FUNProblem.h
out:copy /mnt/windows/Users/GUSTAVO/Dropbox/eng_comp/NetBeansProjects/EvolutivosTP1/GaussianDistribution.cpp
out:copy /mnt/windows/Users/GUSTAVO/Dropbox/eng_comp/NetBeansProjects/EvolutivosTP1/GaussianDistribution.h
out:copy /mnt/windows/Users/GUSTAVO/Dropbox/eng_comp/NetBeansProjects/EvolutivosTP1/GeneticAlgorithm.cpp
out:copy /mnt/windows/Users/GUSTAVO/Dropbox/eng_comp/NetBeansProjects/EvolutivosTP1/GeneticAlgorithm.h
out:copy /mnt/windows/Users/GUSTAVO/Dropbox/eng_comp/NetBeansProjects/EvolutivosTP1/GPCodification.cpp
out:copy /mnt/windows/Users/GUSTAVO/Dropbox/eng_comp/NetBeansProjects/EvolutivosTP1/GPCodification.h
out:copy /mnt/windows/Users/GUSTAVO/Dropbox/eng_comp/NetBeansProjects/EvolutivosTP1/GPObjective.cpp
out:copy /mnt/windows/Users/GUSTAVO/Dropbox/eng_comp/NetBeansProjects/EvolutivosTP1/GPObjective.h
out:copy /mnt/windows/Users/GUSTAVO/Dropbox/eng_comp/NetBeansProjects/EvolutivosTP1/GPOperator.cpp
out:copy /mnt/windows/Users/GUSTAVO/Dropbox/eng_comp/NetBeansProjects/EvolutivosTP1/GPProblem.cpp
out:copy /mnt/windows/Users/GUSTAVO/Dropbox/eng_comp/NetBeansProjects/EvolutivosTP1/GPProblem.h
out:copy /mnt/windows/Users/GUSTAVO/Dropbox/eng_comp/NetBeansProjects/EvolutivosTP1/GRPCodification.cpp
out:copy /mnt/windows/Users/GUSTAVO/Dropbox/eng_comp/NetBeansProjects/EvolutivosTP1/GRPCodification.h
out:copy /mnt/windows/Users/GUSTAVO/Dropbox/eng_comp/NetBeansProjects/EvolutivosTP1/GRPObjective.cpp
out:copy /mnt/windows/Users/GUSTAVO/Dropbox/eng_comp/NetBeansProjects/EvolutivosTP1/GRPObjective.h
out:copy /mnt/windows/Users/GUSTAVO/Dropbox/eng_comp/NetBeansProjects/EvolutivosTP1/GRPOperator.cpp
out:copy /mnt/windows/Users/GUSTAVO/Dropbox/eng_comp/NetBeansProjects/EvolutivosTP1/GRPOperator.h
out:copy /mnt/windows/Users/GUSTAVO/Dropbox/eng_comp/NetBeansProjects/EvolutivosTP1/GRPProblem.cpp
out:copy /mnt/windows/Users/GUSTAVO/Dropbox/eng_comp/NetBeansProjects/EvolutivosTP1/GRPProblem.h
out:copy /mnt/windows/Users/GUSTAVO/Dropbox/eng_comp/NetBeansProjects/EvolutivosTP1/H6Codification.cpp
out:copy /mnt/windows/Users/GUSTAVO/Dropbox/eng_comp/NetBeansProjects/EvolutivosTP1/H6Codification.h
out:copy /mnt/windows/Users/GUSTAVO/Dropbox/eng_comp/NetBeansProjects/EvolutivosTP1/H6Objective.cpp
out:copy /mnt/windows/Users/GUSTAVO/Dropbox/eng_comp/NetBeansProjects/EvolutivosTP1/H6Objective.h
out:copy /mnt/windows/Users/GUSTAVO/Dropbox/eng_comp/NetBeansProjects/EvolutivosTP1/H6Operator.cpp
out:copy /mnt/windows/Users/GUSTAVO/Dropbox/eng_comp/NetBeansProjects/EvolutivosTP1/H6Operator.h
out:copy /mnt/windows/Users/GUSTAVO/Dropbox/eng_comp/NetBeansProjects/EvolutivosTP1/H6Problem.cpp
out:copy /mnt/windows/Users/GUSTAVO/Dropbox/eng_comp/NetBeansProjects/EvolutivosTP1/CMCodification.h
out:copy /mnt/windows/Users/GUSTAVO/Dropbox/eng_comp/NetBeansProjects/EvolutivosTP1/fRun.h
out:copy /mnt/windows/Users/GUSTAVO/Dropbox/eng_comp/NetBeansProjects/EvolutivosTP1/GPOperator.h
out:copy /mnt/windows/Users/GUSTAVO/Dropbox/eng_comp/NetBeansProjects/EvolutivosTP1/H6Problem.h
out:copy /mnt/windows/Users/GUSTAVO/Dropbox/eng_comp/NetBeansProjects/EvolutivosTP1/KLCodification.h
out:copy /mnt/windows/Users/GUSTAVO/Dropbox/eng_comp/NetBeansProjects/EvolutivosTP1/MCPObjective.cpp
out:copy /mnt/windows/Users/GUSTAVO/Dropbox/eng_comp/NetBeansProjects/EvolutivosTP1/MultiObjective.h
out:copy /mnt/windows/Users/GUSTAVO/Dropbox/eng_comp/NetBeansProjects/EvolutivosTP1/oInitializer.h
out:copy /mnt/windows/Users/GUSTAVO/Dropbox/eng_comp/NetBeansProjects/EvolutivosTP1/Runner.h
out:copy /mnt/windows/Users/GUSTAVO/Dropbox/eng_comp/NetBeansProjects/EvolutivosTP1/Solution.h
out:copy /mnt/windows/Users/GUSTAVO/Dropbox/eng_comp/NetBeansProjects/EvolutivosTP1/HSKCodification.cpp
out:copy /mnt/windows/Users/GUSTAVO/Dropbox/eng_comp/NetBeansProjects/EvolutivosTP1/HSKCodification.h
out:copy /mnt/windows/Users/GUSTAVO/Dropbox/eng_comp/NetBeansProjects/EvolutivosTP1/HSKObjective.cpp
out:copy /mnt/windows/Users/GUSTAVO/Dropbox/eng_comp/NetBeansProjects/EvolutivosTP1/HSKObjective.h
out:copy /mnt/windows/Users/GUSTAVO/Dropbox/eng_comp/NetBeansProjects/EvolutivosTP1/HSKOperator.cpp
out:copy /mnt/windows/Users/GUSTAVO/Dropbox/eng_comp/NetBeansProjects/EvolutivosTP1/HSKOperator.h
out:copy /mnt/windows/Users/GUSTAVO/Dropbox/eng_comp/NetBeansProjects/EvolutivosTP1/HSKProblem.cpp
out:copy /mnt/windows/Users/GUSTAVO/Dropbox/eng_comp/NetBeansProjects/EvolutivosTP1/HSKProblem.h
out:copy /mnt/windows/Users/GUSTAVO/Dropbox/eng_comp/NetBeansProjects/EvolutivosTP1/HVCodification.cpp
out:copy /mnt/windows/Users/GUSTAVO/Dropbox/eng_comp/NetBeansProjects/EvolutivosTP1/HVCodification.h
out:copy /mnt/windows/Users/GUSTAVO/Dropbox/eng_comp/NetBeansProjects/EvolutivosTP1/HVObjective.cpp
out:copy /mnt/windows/Users/GUSTAVO/Dropbox/eng_comp/NetBeansProjects/EvolutivosTP1/HVObjective.h
out:copy /mnt/windows/Users/GUSTAVO/Dropbox/eng_comp/NetBeansProjects/EvolutivosTP1/HVOperator.cpp
out:copy /mnt/windows/Users/GUSTAVO/Dropbox/eng_comp/NetBeansProjects/EvolutivosTP1/HVOperator.h
out:copy /mnt/windows/Users/GUSTAVO/Dropbox/eng_comp/NetBeansProjects/EvolutivosTP1/HVProblem.cpp
out:copy /mnt/windows/Users/GUSTAVO/Dropbox/eng_comp/NetBeansProjects/EvolutivosTP1/HVProblem.h
out:copy /mnt/windows/Users/GUSTAVO/Dropbox/eng_comp/NetBeansProjects/EvolutivosTP1/iFunction.h
out:copy /mnt/windows/Users/GUSTAVO/Dropbox/eng_comp/NetBeansProjects/EvolutivosTP1/Instance.cpp
out:copy /mnt/windows/Users/GUSTAVO/Dropbox/eng_comp/NetBeansProjects/EvolutivosTP1/Instance.h
out:copy /mnt/windows/Users/GUSTAVO/Dropbox/eng_comp/NetBeansProjects/EvolutivosTP1/iStopCustom.cpp
out:copy /mnt/windows/Users/GUSTAVO/Dropbox/eng_comp/NetBeansProjects/EvolutivosTP1/iStopCustom.h
out:copy /mnt/windows/Users/GUSTAVO/Dropbox/eng_comp/NetBeansProjects/EvolutivosTP1/iStopTime.cpp
out:copy /mnt/windows/Users/GUSTAVO/Dropbox/eng_comp/NetBeansProjects/EvolutivosTP1/iStopTime.h
out:copy /mnt/windows/Users/GUSTAVO/Dropbox/eng_comp/NetBeansProjects/EvolutivosTP1/KLCodification.cpp
out:copy /mnt/windows/Users/GUSTAVO/Dropbox/eng_comp/NetBeansProjects/EvolutivosTP1/KLObjective.cpp
out:copy /mnt/windows/Users/GUSTAVO/Dropbox/eng_comp/NetBeansProjects/EvolutivosTP1/KLObjective.h
out:copy /mnt/windows/Users/GUSTAVO/Dropbox/eng_comp/NetBeansProjects/EvolutivosTP1/KLOperator.cpp
out:copy /mnt/windows/Users/GUSTAVO/Dropbox/eng_comp/NetBeansProjects/EvolutivosTP1/KLOperator.h
out:copy /mnt/windows/Users/GUSTAVO/Dropbox/eng_comp/NetBeansProjects/EvolutivosTP1/KLProblem.cpp
out:copy /mnt/windows/Users/GUSTAVO/Dropbox/eng_comp/NetBeansProjects/EvolutivosTP1/KLProblem.h
out:copy /mnt/windows/Users/GUSTAVO/Dropbox/eng_comp/NetBeansProjects/EvolutivosTP1/LinkerNodes.cpp
out:copy /mnt/windows/Users/GUSTAVO/Dropbox/eng_comp/NetBeansProjects/EvolutivosTP1/LinkerNodes.h
out:copy /mnt/windows/Users/GUSTAVO/Dropbox/eng_comp/NetBeansProjects/EvolutivosTP1/LinkerParameterAbstract.cpp
out:copy /mnt/windows/Users/GUSTAVO/Dropbox/eng_comp/NetBeansProjects/EvolutivosTP1/LinkerParameterAbstract.h
out:copy /mnt/windows/Users/GUSTAVO/Dropbox/eng_comp/NetBeansProjects/EvolutivosTP1/LinkerParameters.h
out:copy /mnt/windows/Users/GUSTAVO/Dropbox/eng_comp/NetBeansProjects/EvolutivosTP1/LinkerResults.h
out:copy /mnt/windows/Users/GUSTAVO/Dropbox/eng_comp/NetBeansProjects/EvolutivosTP1/LinkerResultsImpl.cpp
out:copy /mnt/windows/Users/GUSTAVO/Dropbox/eng_comp/NetBeansProjects/EvolutivosTP1/LinkerResultsImpl.h
out:copy /mnt/windows/Users/GUSTAVO/Dropbox/eng_comp/NetBeansProjects/EvolutivosTP1/LinkerValidations.h
out:copy /mnt/windows/Users/GUSTAVO/Dropbox/eng_comp/NetBeansProjects/EvolutivosTP1/LM2Codification.cpp
out:copy /mnt/windows/Users/GUSTAVO/Dropbox/eng_comp/NetBeansProjects/EvolutivosTP1/LM2Codification.h
out:copy /mnt/windows/Users/GUSTAVO/Dropbox/eng_comp/NetBeansProjects/EvolutivosTP1/LM2Objective.cpp
out:copy /mnt/windows/Users/GUSTAVO/Dropbox/eng_comp/NetBeansProjects/EvolutivosTP1/LM2Objective.h
out:copy /mnt/windows/Users/GUSTAVO/Dropbox/eng_comp/NetBeansProjects/EvolutivosTP1/LM2Operator.cpp
out:copy /mnt/windows/Users/GUSTAVO/Dropbox/eng_comp/NetBeansProjects/EvolutivosTP1/LM2Operator.h
out:copy /mnt/windows/Users/GUSTAVO/Dropbox/eng_comp/NetBeansProjects/EvolutivosTP1/LM2Problem.cpp
out:copy /mnt/windows/Users/GUSTAVO/Dropbox/eng_comp/NetBeansProjects/EvolutivosTP1/LM2Problem.h
out:copy /mnt/windows/Users/GUSTAVO/Dropbox/eng_comp/NetBeansProjects/EvolutivosTP1/LocalMove.cpp
out:copy /mnt/windows/Users/GUSTAVO/Dropbox/eng_comp/NetBeansProjects/EvolutivosTP1/LocalMove.h
out:copy /mnt/windows/Users/GUSTAVO/Dropbox/eng_comp/NetBeansProjects/EvolutivosTP1/main.cpp
out:copy /mnt/windows/Users/GUSTAVO/Dropbox/eng_comp/NetBeansProjects/EvolutivosTP1/MCPCodification.cpp
out:copy /mnt/windows/Users/GUSTAVO/Dropbox/eng_comp/NetBeansProjects/EvolutivosTP1/MCPCodification.h
out:copy /mnt/windows/Users/GUSTAVO/Dropbox/eng_comp/NetBeansProjects/EvolutivosTP1/MCPObjective.h
out:copy /mnt/windows/Users/GUSTAVO/Dropbox/eng_comp/NetBeansProjects/EvolutivosTP1/MCPOperator.cpp
out:copy /mnt/windows/Users/GUSTAVO/Dropbox/eng_comp/NetBeansProjects/EvolutivosTP1/MCPOperator.h
out:copy /mnt/windows/Users/GUSTAVO/Dropbox/eng_comp/NetBeansProjects/EvolutivosTP1/MCPProblem.cpp
out:copy /mnt/windows/Users/GUSTAVO/Dropbox/eng_comp/NetBeansProjects/EvolutivosTP1/MCPProblem.h
out:copy /mnt/windows/Users/GUSTAVO/Dropbox/eng_comp/NetBeansProjects/EvolutivosTP1/MetaHeuristic.h
out:copy /mnt/windows/Users/GUSTAVO/Dropbox/eng_comp/NetBeansProjects/EvolutivosTP1/Model.cpp
out:copy /mnt/windows/Users/GUSTAVO/Dropbox/eng_comp/NetBeansProjects/EvolutivosTP1/Model.h
out:copy /mnt/windows/Users/GUSTAVO/Dropbox/eng_comp/NetBeansProjects/EvolutivosTP1/MRCodification.cpp
out:copy /mnt/windows/Users/GUSTAVO/Dropbox/eng_comp/NetBeansProjects/EvolutivosTP1/MRCodification.h
out:copy /mnt/windows/Users/GUSTAVO/Dropbox/eng_comp/NetBeansProjects/EvolutivosTP1/MRObjective.cpp
out:copy /mnt/windows/Users/GUSTAVO/Dropbox/eng_comp/NetBeansProjects/EvolutivosTP1/MRObjective.h
out:copy /mnt/windows/Users/GUSTAVO/Dropbox/eng_comp/NetBeansProjects/EvolutivosTP1/MROperator.cpp
out:copy /mnt/windows/Users/GUSTAVO/Dropbox/eng_comp/NetBeansProjects/EvolutivosTP1/MROperator.h
out:copy /mnt/windows/Users/GUSTAVO/Dropbox/eng_comp/NetBeansProjects/EvolutivosTP1/MRProblem.cpp
out:copy /mnt/windows/Users/GUSTAVO/Dropbox/eng_comp/NetBeansProjects/EvolutivosTP1/MRProblem.h
out:copy /mnt/windows/Users/GUSTAVO/Dropbox/eng_comp/NetBeansProjects/EvolutivosTP1/MultiObjective.cpp
out:copy /mnt/windows/Users/GUSTAVO/Dropbox/eng_comp/NetBeansProjects/EvolutivosTP1/MultiProblem.cpp
out:copy /mnt/windows/Users/GUSTAVO/Dropbox/eng_comp/NetBeansProjects/EvolutivosTP1/MultiProblem.h
out:copy /mnt/windows/Users/GUSTAVO/Dropbox/eng_comp/NetBeansProjects/EvolutivosTP1/nEvaluations.cpp
out:copy /mnt/windows/Users/GUSTAVO/Dropbox/eng_comp/NetBeansProjects/EvolutivosTP1/nEvaluations.h
out:copy /mnt/windows/Users/GUSTAVO/Dropbox/eng_comp/NetBeansProjects/EvolutivosTP1/Node.h
out:copy /mnt/windows/Users/GUSTAVO/Dropbox/eng_comp/NetBeansProjects/EvolutivosTP1/Node2.cpp
out:copy /mnt/windows/Users/GUSTAVO/Dropbox/eng_comp/NetBeansProjects/EvolutivosTP1/Node2.h
out:copy /mnt/windows/Users/GUSTAVO/Dropbox/eng_comp/NetBeansProjects/EvolutivosTP1/NodeEnd.h
out:copy /mnt/windows/Users/GUSTAVO/Dropbox/eng_comp/NetBeansProjects/EvolutivosTP1/NodeFactory.h
out:copy /mnt/windows/Users/GUSTAVO/Dropbox/eng_comp/NetBeansProjects/EvolutivosTP1/NodeParameter.h
out:copy /mnt/windows/Users/GUSTAVO/Dropbox/eng_comp/NetBeansProjects/EvolutivosTP1/NodeSingle.h
out:copy /mnt/windows/Users/GUSTAVO/Dropbox/eng_comp/NetBeansProjects/EvolutivosTP1/Objective.cpp
out:copy /mnt/windows/Users/GUSTAVO/Dropbox/eng_comp/NetBeansProjects/EvolutivosTP1/Objective.h
out:copy /mnt/windows/Users/GUSTAVO/Dropbox/eng_comp/NetBeansProjects/EvolutivosTP1/oCrossover.cpp
out:copy /mnt/windows/Users/GUSTAVO/Dropbox/eng_comp/NetBeansProjects/EvolutivosTP1/oCrossover.h
out:copy /mnt/windows/Users/GUSTAVO/Dropbox/eng_comp/NetBeansProjects/EvolutivosTP1/oInitializer.cpp
out:copy /mnt/windows/Users/GUSTAVO/Dropbox/eng_comp/NetBeansProjects/EvolutivosTP1/oLocalMove.cpp
out:copy /mnt/windows/Users/GUSTAVO/Dropbox/eng_comp/NetBeansProjects/EvolutivosTP1/oLocalMove.h
out:copy /mnt/windows/Users/GUSTAVO/Dropbox/eng_comp/NetBeansProjects/EvolutivosTP1/oMutation.cpp
out:copy /mnt/windows/Users/GUSTAVO/Dropbox/eng_comp/NetBeansProjects/EvolutivosTP1/oMutation.h
out:copy /mnt/windows/Users/GUSTAVO/Dropbox/eng_comp/NetBeansProjects/EvolutivosTP1/Operator.h
out:copy /mnt/windows/Users/GUSTAVO/Dropbox/eng_comp/NetBeansProjects/EvolutivosTP1/pIteration.cpp
out:copy /mnt/windows/Users/GUSTAVO/Dropbox/eng_comp/NetBeansProjects/EvolutivosTP1/pIteration.h
out:copy /mnt/windows/Users/GUSTAVO/Dropbox/eng_comp/NetBeansProjects/EvolutivosTP1/pRealMultiObjProblem.cpp
out:copy /mnt/windows/Users/GUSTAVO/Dropbox/eng_comp/NetBeansProjects/EvolutivosTP1/pRealMultiObjProblem.h
out:copy /mnt/windows/Users/GUSTAVO/Dropbox/eng_comp/NetBeansProjects/EvolutivosTP1/pRealSingleObjProblem.cpp
out:copy /mnt/windows/Users/GUSTAVO/Dropbox/eng_comp/NetBeansProjects/EvolutivosTP1/pRealSingleObjProblem.h
out:copy /mnt/windows/Users/GUSTAVO/Dropbox/eng_comp/NetBeansProjects/EvolutivosTP1/Problem.cpp
out:copy /mnt/windows/Users/GUSTAVO/Dropbox/eng_comp/NetBeansProjects/EvolutivosTP1/Problem.h
out:copy /mnt/windows/Users/GUSTAVO/Dropbox/eng_comp/NetBeansProjects/EvolutivosTP1/RgxRule.cpp
out:copy /mnt/windows/Users/GUSTAVO/Dropbox/eng_comp/NetBeansProjects/EvolutivosTP1/RgxRule.h
out:copy /mnt/windows/Users/GUSTAVO/Dropbox/eng_comp/NetBeansProjects/EvolutivosTP1/Run.h
out:copy /mnt/windows/Users/GUSTAVO/Dropbox/eng_comp/NetBeansProjects/EvolutivosTP1/Runner.cpp
out:copy /mnt/windows/Users/GUSTAVO/Dropbox/eng_comp/NetBeansProjects/EvolutivosTP1/SavePof.h
out:copy /mnt/windows/Users/GUSTAVO/Dropbox/eng_comp/NetBeansProjects/EvolutivosTP1/SaveSgl.h
out:copy /mnt/windows/Users/GUSTAVO/Dropbox/eng_comp/NetBeansProjects/EvolutivosTP1/Serv.cpp
out:copy /mnt/windows/Users/GUSTAVO/Dropbox/eng_comp/NetBeansProjects/EvolutivosTP1/Serv.h
out:copy /mnt/windows/Users/GUSTAVO/Dropbox/eng_comp/NetBeansProjects/EvolutivosTP1/Set.cpp
out:copy /mnt/windows/Users/GUSTAVO/Dropbox/eng_comp/NetBeansProjects/EvolutivosTP1/Set.h
out:copy /mnt/windows/Users/GUSTAVO/Dropbox/eng_comp/NetBeansProjects/EvolutivosTP1/SINCodification.cpp
out:copy /mnt/windows/Users/GUSTAVO/Dropbox/eng_comp/NetBeansProjects/EvolutivosTP1/SINCodification.h
out:copy /mnt/windows/Users/GUSTAVO/Dropbox/eng_comp/NetBeansProjects/EvolutivosTP1/SingleObjective.cpp
out:copy /mnt/windows/Users/GUSTAVO/Dropbox/eng_comp/NetBeansProjects/EvolutivosTP1/SingleObjective.h
out:copy /mnt/windows/Users/GUSTAVO/Dropbox/eng_comp/NetBeansProjects/EvolutivosTP1/SINObjective.cpp
out:copy /mnt/windows/Users/GUSTAVO/Dropbox/eng_comp/NetBeansProjects/EvolutivosTP1/SINObjective.h
out:copy /mnt/windows/Users/GUSTAVO/Dropbox/eng_comp/NetBeansProjects/EvolutivosTP1/SINOperator.cpp
out:copy /mnt/windows/Users/GUSTAVO/Dropbox/eng_comp/NetBeansProjects/EvolutivosTP1/SINOperator.h
out:copy /mnt/windows/Users/GUSTAVO/Dropbox/eng_comp/NetBeansProjects/EvolutivosTP1/SINProblem.cpp
out:copy /mnt/windows/Users/GUSTAVO/Dropbox/eng_comp/NetBeansProjects/EvolutivosTP1/SINProblem.h
out:copy /mnt/windows/Users/GUSTAVO/Dropbox/eng_comp/NetBeansProjects/EvolutivosTP1/SINU20Codification.cpp
out:copy /mnt/windows/Users/GUSTAVO/Dropbox/eng_comp/NetBeansProjects/EvolutivosTP1/SINU20Codification.h
out:copy /mnt/windows/Users/GUSTAVO/Dropbox/eng_comp/NetBeansProjects/EvolutivosTP1/SINU20Objective.cpp
out:copy /mnt/windows/Users/GUSTAVO/Dropbox/eng_comp/NetBeansProjects/EvolutivosTP1/SINU20Objective.h
out:copy /mnt/windows/Users/GUSTAVO/Dropbox/eng_comp/NetBeansProjects/EvolutivosTP1/SINU20Operator.cpp
out:copy /mnt/windows/Users/GUSTAVO/Dropbox/eng_comp/NetBeansProjects/EvolutivosTP1/SINU20Operator.h
out:copy /mnt/windows/Users/GUSTAVO/Dropbox/eng_comp/NetBeansProjects/EvolutivosTP1/SINU20Problem.cpp
out:copy /mnt/windows/Users/GUSTAVO/Dropbox/eng_comp/NetBeansProjects/EvolutivosTP1/SINU20Problem.h
out:copy /mnt/windows/Users/GUSTAVO/Dropbox/eng_comp/NetBeansProjects/EvolutivosTP1/Solution.cpp
out:copy /mnt/windows/Users/GUSTAVO/Dropbox/eng_comp/NetBeansProjects/EvolutivosTP1/Stream.h
out:copy /mnt/windows/Users/GUSTAVO/Dropbox/eng_comp/NetBeansProjects/EvolutivosTP1/StreamAdapter.cpp
out:copy /mnt/windows/Users/GUSTAVO/Dropbox/eng_comp/NetBeansProjects/EvolutivosTP1/StreamAdapter.h
out:copy /mnt/windows/Users/GUSTAVO/Dropbox/eng_comp/NetBeansProjects/EvolutivosTP1/StreamPrinter.h
out:copy /mnt/windows/Users/GUSTAVO/Dropbox/eng_comp/NetBeansProjects/EvolutivosTP1/StreamPrinterImpl.cpp
out:copy /mnt/windows/Users/GUSTAVO/Dropbox/eng_comp/NetBeansProjects/EvolutivosTP1/StreamPrinterImpl.h
out:copy /mnt/windows/Users/GUSTAVO/Dropbox/eng_comp/NetBeansProjects/EvolutivosTP1/StreamProgress.h
out:copy /mnt/windows/Users/GUSTAVO/Dropbox/eng_comp/NetBeansProjects/EvolutivosTP1/StreamProgressImpl.cpp
out:copy /mnt/windows/Users/GUSTAVO/Dropbox/eng_comp/NetBeansProjects/EvolutivosTP1/StreamProgressImpl.h
out:copy /mnt/windows/Users/GUSTAVO/Dropbox/eng_comp/NetBeansProjects/EvolutivosTP1/uException.cpp
out:copy /mnt/windows/Users/GUSTAVO/Dropbox/eng_comp/NetBeansProjects/EvolutivosTP1/uException.h
out:copy /mnt/windows/Users/GUSTAVO/Dropbox/eng_comp/NetBeansProjects/EvolutivosTP1/UniformDistribution.cpp
out:copy /mnt/windows/Users/GUSTAVO/Dropbox/eng_comp/NetBeansProjects/EvolutivosTP1/UniformDistribution.h
out:copy /mnt/windows/Users/GUSTAVO/Dropbox/eng_comp/NetBeansProjects/EvolutivosTP1/uRandom.cpp
out:copy /mnt/windows/Users/GUSTAVO/Dropbox/eng_comp/NetBeansProjects/EvolutivosTP1/uRandom.h
out:copy /mnt/windows/Users/GUSTAVO/Dropbox/eng_comp/NetBeansProjects/EvolutivosTP1/uUtil.cpp
out:copy /mnt/windows/Users/GUSTAVO/Dropbox/eng_comp/NetBeansProjects/EvolutivosTP1/uUtil.h
out:copy /mnt/windows/Users/GUSTAVO/Dropbox/eng_comp/NetBeansProjects/EvolutivosTP1/WinNeeds.cpp
out:copy /mnt/windows/Users/GUSTAVO/Dropbox/eng_comp/NetBeansProjects/EvolutivosTP1/WinNeeds.h
out:copy /mnt/windows/Users/GUSTAVO/Dropbox/eng_comp/NetBeansProjects/EvolutivosTP1/WinParams.cpp
out:copy /mnt/windows/Users/GUSTAVO/Dropbox/eng_comp/NetBeansProjects/EvolutivosTP1/WinParams.h
out:copy /mnt/windows/Users/GUSTAVO/Dropbox/eng_comp/NetBeansProjects/EvolutivosTP1/WinServ.cpp
out:copy /mnt/windows/Users/GUSTAVO/Dropbox/eng_comp/NetBeansProjects/EvolutivosTP1/WinServ.h
out:copy /mnt/windows/Users/GUSTAVO/Dropbox/eng_comp/NetBeansProjects/EvolutivosTP1/WinServices.cpp
out:copy /mnt/windows/Users/GUSTAVO/Dropbox/eng_comp/NetBeansProjects/EvolutivosTP1/WinServices.h
out:copy /mnt/windows/Users/GUSTAVO/Dropbox/eng_comp/NetBeansProjects/EvolutivosTP1/WPCodification.cpp
out:copy /mnt/windows/Users/GUSTAVO/Dropbox/eng_comp/NetBeansProjects/EvolutivosTP1/WPCodification.h
out:copy /mnt/windows/Users/GUSTAVO/Dropbox/eng_comp/NetBeansProjects/EvolutivosTP1/WPObjective.cpp
out:copy /mnt/windows/Users/GUSTAVO/Dropbox/eng_comp/NetBeansProjects/EvolutivosTP1/WPObjective.h
out:copy /mnt/windows/Users/GUSTAVO/Dropbox/eng_comp/NetBeansProjects/EvolutivosTP1/WPOperator.cpp
out:copy /mnt/windows/Users/GUSTAVO/Dropbox/eng_comp/NetBeansProjects/EvolutivosTP1/WPOperator.h
out:copy /mnt/windows/Users/GUSTAVO/Dropbox/eng_comp/NetBeansProjects/EvolutivosTP1/WPProblem.cpp
out:copy /mnt/windows/Users/GUSTAVO/Dropbox/eng_comp/NetBeansProjects/EvolutivosTP1/WPProblem.h
rtn:339979
The version 'Cpp' was created
-----------------------------[ Compile ]-----------------------------
Try compile version 'Cpp'
out:----------------[.cfg]------------------
out:dependences     = 
out:lib_path       = 
out:cpp_options    = -O0
out:local_options  = 
out:global_options  = 
out:----------------[ end ]------------------
out:cd /mnt/windows/Users/GUSTAVO/Dropbox/eng_comp/NetBeansProjects/EvolutivosTP1/work_space/code/Cpp
out:remove Cpp.exe
out:remove *.o
out:compile *.cpp
out:	g++ -O0 -c ACKCodification.cpp
out:	g++ -O0 -c ACKObjective.cpp
out:	g++ -O0 -c ACKOperator.cpp
out:	g++ -O0 -c ACKProblem.cpp
out:	g++ -O0 -c aStop.cpp
out:	g++ -O0 -c Best.cpp
out:	g++ -O0 -c BestPareto.cpp
out:	g++ -O0 -c BestSol.cpp
out:	g++ -O0 -c BoundInt.cpp
out:	g++ -O0 -c BRCodification.cpp
out:	g++ -O0 -c BRObjective.cpp
out:	g++ -O0 -c BROperator.cpp
out:	g++ -O0 -c BRProblem.cpp
out:	g++ -O0 -c CMCodification.cpp
out:	g++ -O0 -c CMObjective.cpp
out:	g++ -O0 -c CMOperator.cpp
out:	g++ -O0 -c CMProblem.cpp
out:	g++ -O0 -c ComDefines.cpp
out:	g++ -O0 -c cReal.cpp
err:cmp:err:cReal.cpp: In member function ‘virtual Codification* cReal::CrossTwoPoint::crossover(Problem*, Codification*, Codification*)’:
err:cmp:err:cReal.cpp:99:14: warning: deleting array ‘((cReal::CrossTwoPoint*)this)->cReal::CrossTwoPoint::points’ [enabled by default]
err:cmp:err:     delete[] points;
err:cmp:err:              ^
out:	g++ -O0 -c dVertex.cpp
out:	g++ -O0 -c EXPCodification.cpp
out:	g++ -O0 -c EXPObjective.cpp
out:	g++ -O0 -c EXPOperator.cpp
out:	g++ -O0 -c EXPProblem.cpp
out:	g++ -O0 -c Fact.cpp
out:	g++ -O0 -c fProblem.cpp
out:	g++ -O0 -c fRealOperator.cpp
out:	g++ -O0 -c fRun.cpp
out:	g++ -O0 -c FUNCodification.cpp
out:	g++ -O0 -c FUNObjective.cpp
out:	g++ -O0 -c FUNOperator.cpp
out:	g++ -O0 -c FUNProblem.cpp
out:	g++ -O0 -c GaussianDistribution.cpp
out:	g++ -O0 -c BoundDbl.cpp
out:	g++ -O0 -c Codification.cpp
out:	g++ -O0 -c KLOperator.cpp
out:	g++ -O0 -c MRObjective.cpp
out:	g++ -O0 -c SINOperator.cpp
out:	g++ -O0 -c StreamPrinterImpl.cpp
out:	g++ -O0 -c GeneticAlgorithm.cpp
out:	g++ -O0 -c GPCodification.cpp
out:	g++ -O0 -c GPObjective.cpp
out:	g++ -O0 -c GPOperator.cpp
out:	g++ -O0 -c GPProblem.cpp
out:	g++ -O0 -c GRPCodification.cpp
out:	g++ -O0 -c GRPObjective.cpp
out:	g++ -O0 -c GRPOperator.cpp
out:	g++ -O0 -c GRPProblem.cpp
out:	g++ -O0 -c H6Codification.cpp
out:	g++ -O0 -c H6Objective.cpp
out:	g++ -O0 -c H6Operator.cpp
out:	g++ -O0 -c H6Problem.cpp
out:	g++ -O0 -c HSKCodification.cpp
out:	g++ -O0 -c HSKObjective.cpp
out:	g++ -O0 -c HSKOperator.cpp
out:	g++ -O0 -c HSKProblem.cpp
out:	g++ -O0 -c HVCodification.cpp
out:	g++ -O0 -c HVObjective.cpp
out:	g++ -O0 -c HVOperator.cpp
out:	g++ -O0 -c HVProblem.cpp
out:	g++ -O0 -c Instance.cpp
out:	g++ -O0 -c iStopCustom.cpp
out:	g++ -O0 -c iStopTime.cpp
out:	g++ -O0 -c KLCodification.cpp
out:	g++ -O0 -c KLObjective.cpp
out:	g++ -O0 -c KLProblem.cpp
out:	g++ -O0 -c LinkerNodes.cpp
out:	g++ -O0 -c LinkerParameterAbstract.cpp
out:	g++ -O0 -c LinkerResultsImpl.cpp
out:	g++ -O0 -c LM2Codification.cpp
out:	g++ -O0 -c LM2Objective.cpp
out:	g++ -O0 -c LM2Operator.cpp
out:	g++ -O0 -c LM2Problem.cpp
out:	g++ -O0 -c LocalMove.cpp
out:	g++ -O0 -c main.cpp
out:	g++ -O0 -c MCPCodification.cpp
out:	g++ -O0 -c MCPObjective.cpp
out:	g++ -O0 -c MCPOperator.cpp
out:	g++ -O0 -c MCPProblem.cpp
out:	g++ -O0 -c Model.cpp
out:	g++ -O0 -c MRCodification.cpp
out:	g++ -O0 -c MROperator.cpp
out:	g++ -O0 -c MRProblem.cpp
out:	g++ -O0 -c MultiObjective.cpp
out:	g++ -O0 -c MultiProblem.cpp
out:	g++ -O0 -c nEvaluations.cpp
out:	g++ -O0 -c Node2.cpp
out:	g++ -O0 -c Objective.cpp
out:	g++ -O0 -c oCrossover.cpp
out:	g++ -O0 -c oInitializer.cpp
out:	g++ -O0 -c oLocalMove.cpp
out:	g++ -O0 -c oMutation.cpp
out:	g++ -O0 -c pIteration.cpp
out:	g++ -O0 -c pRealMultiObjProblem.cpp
out:	g++ -O0 -c pRealSingleObjProblem.cpp
out:	g++ -O0 -c Problem.cpp
out:	g++ -O0 -c RgxRule.cpp
out:	g++ -O0 -c Runner.cpp
out:	g++ -O0 -c Serv.cpp
out:	g++ -O0 -c Set.cpp
out:	g++ -O0 -c SINCodification.cpp
out:	g++ -O0 -c SingleObjective.cpp
out:	g++ -O0 -c SINObjective.cpp
out:	g++ -O0 -c SINProblem.cpp
out:	g++ -O0 -c SINU20Codification.cpp
out:	g++ -O0 -c SINU20Objective.cpp
out:	g++ -O0 -c SINU20Operator.cpp
out:	g++ -O0 -c SINU20Problem.cpp
out:	g++ -O0 -c Solution.cpp
out:	g++ -O0 -c StreamAdapter.cpp
out:	g++ -O0 -c StreamProgressImpl.cpp
out:	g++ -O0 -c uException.cpp
out:	g++ -O0 -c UniformDistribution.cpp
out:	g++ -O0 -c uRandom.cpp
out:	g++ -O0 -c uUtil.cpp
out:	g++ -O0 -c WinNeeds.cpp
out:	g++ -O0 -c WinParams.cpp
out:	g++ -O0 -c WinServ.cpp
out:	g++ -O0 -c WinServices.cpp
out:	g++ -O0 -c WPCodification.cpp
out:	g++ -O0 -c WPObjective.cpp
out:	g++ -O0 -c WPOperator.cpp
out:	g++ -O0 -c WPProblem.cpp
out:link *.o
out:	g++ -O0 -o Cpp.exe
out:		ACKCodification.o
out:		ACKObjective.o
out:		ACKOperator.o
out:		ACKProblem.o
out:		aStop.o
out:		Best.o
out:		BestPareto.o
out:		BestSol.o
out:		BoundDbl.o
out:		BoundInt.o
out:		BRCodification.o
out:		BRObjective.o
out:		BROperator.o
out:		BRProblem.o
out:		CMCodification.o
out:		CMObjective.o
out:		CMOperator.o
out:		CMProblem.o
out:		Codification.o
out:		ComDefines.o
out:		cReal.o
out:		dVertex.o
out:		EXPCodification.o
out:		EXPObjective.o
out:		EXPOperator.o
out:		EXPProblem.o
out:		Fact.o
out:		fProblem.o
out:		fRealOperator.o
out:		fRun.o
out:		FUNCodification.o
out:		FUNObjective.o
out:		FUNOperator.o
out:		FUNProblem.o
out:		uUtil.o
out:		GaussianDistribution.o
out:		GeneticAlgorithm.o
out:		GPCodification.o
out:		GPObjective.o
out:		GPOperator.o
out:		GPProblem.o
out:		GRPCodification.o
out:		GRPObjective.o
out:		GRPOperator.o
out:		GRPProblem.o
out:		H6Codification.o
out:		H6Objective.o
out:		H6Operator.o
out:		H6Problem.o
out:		HSKCodification.o
out:		HSKObjective.o
out:		HSKOperator.o
out:		HSKProblem.o
out:		HVCodification.o
out:		HVObjective.o
out:		HVOperator.o
out:		HVProblem.o
out:		Instance.o
out:		iStopCustom.o
out:		iStopTime.o
out:		KLCodification.o
out:		KLObjective.o
out:		KLOperator.o
out:		KLProblem.o
out:		LinkerNodes.o
out:		LinkerParameterAbstract.o
out:		LinkerResultsImpl.o
out:		LM2Codification.o
out:		LM2Objective.o
out:		LM2Operator.o
out:		LM2Problem.o
out:		LocalMove.o
out:		main.o
out:		MCPCodification.o
out:		MCPObjective.o
out:		MCPOperator.o
out:		MCPProblem.o
out:		Model.o
out:		MRCodification.o
out:		MRObjective.o
out:		MROperator.o
out:		MRProblem.o
out:		MultiObjective.o
out:		MultiProblem.o
out:		nEvaluations.o
out:		Node2.o
out:		Objective.o
out:		oCrossover.o
out:		oInitializer.o
out:		oLocalMove.o
out:		oMutation.o
out:		pIteration.o
out:		pRealMultiObjProblem.o
out:		pRealSingleObjProblem.o
out:		Problem.o
out:		RgxRule.o
out:		Runner.o
out:		Serv.o
out:		Set.o
out:		SINCodification.o
out:		SingleObjective.o
out:		SINObjective.o
out:		SINOperator.o
out:		SINProblem.o
out:		SINU20Codification.o
out:		SINU20Objective.o
out:		SINU20Operator.o
out:		SINU20Problem.o
out:		Solution.o
out:		StreamAdapter.o
out:		StreamPrinterImpl.o
out:		StreamProgressImpl.o
out:		uException.o
out:		UniformDistribution.o
out:		uRandom.o
out:		WinNeeds.o
out:		WinParams.o
out:		WinServ.o
out:		WinServices.o
out:		WPCodification.o
out:		WPObjective.o
out:		WPOperator.o
out:		WPProblem.o
out:total erros = 1
rtn:803824
The version 'Cpp' can not be compiled
-----------------------------[ Make Model ]-----------------------------
Try make model in version 'Cpp'
rtn:88
The version 'Cpp' mounted model
The version 'Cpp' mounted model
-----------------------------[ Source ]-----------------------------
date [ Tue Sep 17 11:42:03 BRT 2013 ] 
--------------------------------------------------------------------
Try create version 'Cpp' fron file /mnt/windows/Users/GUSTAVO/Dropbox/eng_comp/NetBeansProjects/EvolutivosTP1
out:clear '/mnt/windows/Users/GUSTAVO/Dropbox/eng_comp/NetBeansProjects/EvolutivosTP1/work_space/code/Cpp'
out:copy /mnt/windows/Users/GUSTAVO/Dropbox/eng_comp/NetBeansProjects/EvolutivosTP1/config.cfg
out:copy /mnt/windows/Users/GUSTAVO/Dropbox/eng_comp/NetBeansProjects/EvolutivosTP1/ACKCodification.cpp
out:copy /mnt/windows/Users/GUSTAVO/Dropbox/eng_comp/NetBeansProjects/EvolutivosTP1/ACKCodification.h
out:copy /mnt/windows/Users/GUSTAVO/Dropbox/eng_comp/NetBeansProjects/EvolutivosTP1/ACKObjective.cpp
out:copy /mnt/windows/Users/GUSTAVO/Dropbox/eng_comp/NetBeansProjects/EvolutivosTP1/ACKObjective.h
out:copy /mnt/windows/Users/GUSTAVO/Dropbox/eng_comp/NetBeansProjects/EvolutivosTP1/ACKOperator.cpp
out:copy /mnt/windows/Users/GUSTAVO/Dropbox/eng_comp/NetBeansProjects/EvolutivosTP1/ACKOperator.h
out:copy /mnt/windows/Users/GUSTAVO/Dropbox/eng_comp/NetBeansProjects/EvolutivosTP1/ACKProblem.cpp
out:copy /mnt/windows/Users/GUSTAVO/Dropbox/eng_comp/NetBeansProjects/EvolutivosTP1/ACKProblem.h
out:copy /mnt/windows/Users/GUSTAVO/Dropbox/eng_comp/NetBeansProjects/EvolutivosTP1/aRealMultiObj.h
out:copy /mnt/windows/Users/GUSTAVO/Dropbox/eng_comp/NetBeansProjects/EvolutivosTP1/aRealSingleObj.h
out:copy /mnt/windows/Users/GUSTAVO/Dropbox/eng_comp/NetBeansProjects/EvolutivosTP1/aStop.cpp
out:copy /mnt/windows/Users/GUSTAVO/Dropbox/eng_comp/NetBeansProjects/EvolutivosTP1/aStop.h
out:copy /mnt/windows/Users/GUSTAVO/Dropbox/eng_comp/NetBeansProjects/EvolutivosTP1/Best.cpp
out:copy /mnt/windows/Users/GUSTAVO/Dropbox/eng_comp/NetBeansProjects/EvolutivosTP1/Best.h
out:copy /mnt/windows/Users/GUSTAVO/Dropbox/eng_comp/NetBeansProjects/EvolutivosTP1/BestPareto.cpp
out:copy /mnt/windows/Users/GUSTAVO/Dropbox/eng_comp/NetBeansProjects/EvolutivosTP1/BestPareto.h
out:copy /mnt/windows/Users/GUSTAVO/Dropbox/eng_comp/NetBeansProjects/EvolutivosTP1/BestSol.cpp
out:copy /mnt/windows/Users/GUSTAVO/Dropbox/eng_comp/NetBeansProjects/EvolutivosTP1/BestSol.h
out:copy /mnt/windows/Users/GUSTAVO/Dropbox/eng_comp/NetBeansProjects/EvolutivosTP1/BoundDbl.cpp
out:copy /mnt/windows/Users/GUSTAVO/Dropbox/eng_comp/NetBeansProjects/EvolutivosTP1/BoundDbl.h
out:copy /mnt/windows/Users/GUSTAVO/Dropbox/eng_comp/NetBeansProjects/EvolutivosTP1/BoundInt.cpp
out:copy /mnt/windows/Users/GUSTAVO/Dropbox/eng_comp/NetBeansProjects/EvolutivosTP1/BoundInt.h
out:copy /mnt/windows/Users/GUSTAVO/Dropbox/eng_comp/NetBeansProjects/EvolutivosTP1/BRCodification.cpp
out:copy /mnt/windows/Users/GUSTAVO/Dropbox/eng_comp/NetBeansProjects/EvolutivosTP1/BRCodification.h
out:copy /mnt/windows/Users/GUSTAVO/Dropbox/eng_comp/NetBeansProjects/EvolutivosTP1/BRObjective.cpp
out:copy /mnt/windows/Users/GUSTAVO/Dropbox/eng_comp/NetBeansProjects/EvolutivosTP1/BRObjective.h
out:copy /mnt/windows/Users/GUSTAVO/Dropbox/eng_comp/NetBeansProjects/EvolutivosTP1/BROperator.cpp
out:copy /mnt/windows/Users/GUSTAVO/Dropbox/eng_comp/NetBeansProjects/EvolutivosTP1/BROperator.h
out:copy /mnt/windows/Users/GUSTAVO/Dropbox/eng_comp/NetBeansProjects/EvolutivosTP1/BRProblem.cpp
out:copy /mnt/windows/Users/GUSTAVO/Dropbox/eng_comp/NetBeansProjects/EvolutivosTP1/BRProblem.h
out:copy /mnt/windows/Users/GUSTAVO/Dropbox/eng_comp/NetBeansProjects/EvolutivosTP1/CMCodification.cpp
out:copy /mnt/windows/Users/GUSTAVO/Dropbox/eng_comp/NetBeansProjects/EvolutivosTP1/CMObjective.cpp
out:copy /mnt/windows/Users/GUSTAVO/Dropbox/eng_comp/NetBeansProjects/EvolutivosTP1/CMObjective.h
out:copy /mnt/windows/Users/GUSTAVO/Dropbox/eng_comp/NetBeansProjects/EvolutivosTP1/CMOperator.cpp
out:copy /mnt/windows/Users/GUSTAVO/Dropbox/eng_comp/NetBeansProjects/EvolutivosTP1/CMOperator.h
out:copy /mnt/windows/Users/GUSTAVO/Dropbox/eng_comp/NetBeansProjects/EvolutivosTP1/CMProblem.cpp
out:copy /mnt/windows/Users/GUSTAVO/Dropbox/eng_comp/NetBeansProjects/EvolutivosTP1/CMProblem.h
out:copy /mnt/windows/Users/GUSTAVO/Dropbox/eng_comp/NetBeansProjects/EvolutivosTP1/Codification.cpp
out:copy /mnt/windows/Users/GUSTAVO/Dropbox/eng_comp/NetBeansProjects/EvolutivosTP1/Codification.h
out:copy /mnt/windows/Users/GUSTAVO/Dropbox/eng_comp/NetBeansProjects/EvolutivosTP1/ComDefines.cpp
out:copy /mnt/windows/Users/GUSTAVO/Dropbox/eng_comp/NetBeansProjects/EvolutivosTP1/ComDefines.h
out:copy /mnt/windows/Users/GUSTAVO/Dropbox/eng_comp/NetBeansProjects/EvolutivosTP1/cReal.cpp
out:copy /mnt/windows/Users/GUSTAVO/Dropbox/eng_comp/NetBeansProjects/EvolutivosTP1/cReal.h
out:copy /mnt/windows/Users/GUSTAVO/Dropbox/eng_comp/NetBeansProjects/EvolutivosTP1/dFactory.h
out:copy /mnt/windows/Users/GUSTAVO/Dropbox/eng_comp/NetBeansProjects/EvolutivosTP1/dNeed.h
out:copy /mnt/windows/Users/GUSTAVO/Dropbox/eng_comp/NetBeansProjects/EvolutivosTP1/dService.h
out:copy /mnt/windows/Users/GUSTAVO/Dropbox/eng_comp/NetBeansProjects/EvolutivosTP1/dVertex.cpp
out:copy /mnt/windows/Users/GUSTAVO/Dropbox/eng_comp/NetBeansProjects/EvolutivosTP1/dVertex.h
out:copy /mnt/windows/Users/GUSTAVO/Dropbox/eng_comp/NetBeansProjects/EvolutivosTP1/EXPCodification.cpp
out:copy /mnt/windows/Users/GUSTAVO/Dropbox/eng_comp/NetBeansProjects/EvolutivosTP1/EXPCodification.h
out:copy /mnt/windows/Users/GUSTAVO/Dropbox/eng_comp/NetBeansProjects/EvolutivosTP1/EXPObjective.cpp
out:copy /mnt/windows/Users/GUSTAVO/Dropbox/eng_comp/NetBeansProjects/EvolutivosTP1/EXPObjective.h
out:copy /mnt/windows/Users/GUSTAVO/Dropbox/eng_comp/NetBeansProjects/EvolutivosTP1/EXPOperator.cpp
out:copy /mnt/windows/Users/GUSTAVO/Dropbox/eng_comp/NetBeansProjects/EvolutivosTP1/EXPOperator.h
out:copy /mnt/windows/Users/GUSTAVO/Dropbox/eng_comp/NetBeansProjects/EvolutivosTP1/EXPProblem.cpp
out:copy /mnt/windows/Users/GUSTAVO/Dropbox/eng_comp/NetBeansProjects/EvolutivosTP1/EXPProblem.h
out:copy /mnt/windows/Users/GUSTAVO/Dropbox/eng_comp/NetBeansProjects/EvolutivosTP1/Fact.cpp
out:copy /mnt/windows/Users/GUSTAVO/Dropbox/eng_comp/NetBeansProjects/EvolutivosTP1/Fact.h
out:copy /mnt/windows/Users/GUSTAVO/Dropbox/eng_comp/NetBeansProjects/EvolutivosTP1/Factory.h
out:copy /mnt/windows/Users/GUSTAVO/Dropbox/eng_comp/NetBeansProjects/EvolutivosTP1/fProblem.cpp
out:copy /mnt/windows/Users/GUSTAVO/Dropbox/eng_comp/NetBeansProjects/EvolutivosTP1/fProblem.h
out:copy /mnt/windows/Users/GUSTAVO/Dropbox/eng_comp/NetBeansProjects/EvolutivosTP1/fRealOperator.cpp
out:copy /mnt/windows/Users/GUSTAVO/Dropbox/eng_comp/NetBeansProjects/EvolutivosTP1/fRealOperator.h
out:copy /mnt/windows/Users/GUSTAVO/Dropbox/eng_comp/NetBeansProjects/EvolutivosTP1/fRun.cpp
out:copy /mnt/windows/Users/GUSTAVO/Dropbox/eng_comp/NetBeansProjects/EvolutivosTP1/FUNCodification.cpp
out:copy /mnt/windows/Users/GUSTAVO/Dropbox/eng_comp/NetBeansProjects/EvolutivosTP1/FUNCodification.h
out:copy /mnt/windows/Users/GUSTAVO/Dropbox/eng_comp/NetBeansProjects/EvolutivosTP1/FUNObjective.cpp
out:copy /mnt/windows/Users/GUSTAVO/Dropbox/eng_comp/NetBeansProjects/EvolutivosTP1/FUNObjective.h
out:copy /mnt/windows/Users/GUSTAVO/Dropbox/eng_comp/NetBeansProjects/EvolutivosTP1/FUNOperator.cpp
out:copy /mnt/windows/Users/GUSTAVO/Dropbox/eng_comp/NetBeansProjects/EvolutivosTP1/FUNOperator.h
out:copy /mnt/windows/Users/GUSTAVO/Dropbox/eng_comp/NetBeansProjects/EvolutivosTP1/FUNProblem.cpp
out:copy /mnt/windows/Users/GUSTAVO/Dropbox/eng_comp/NetBeansProjects/EvolutivosTP1/FUNProblem.h
out:copy /mnt/windows/Users/GUSTAVO/Dropbox/eng_comp/NetBeansProjects/EvolutivosTP1/GaussianDistribution.cpp
out:copy /mnt/windows/Users/GUSTAVO/Dropbox/eng_comp/NetBeansProjects/EvolutivosTP1/GaussianDistribution.h
out:copy /mnt/windows/Users/GUSTAVO/Dropbox/eng_comp/NetBeansProjects/EvolutivosTP1/GeneticAlgorithm.cpp
out:copy /mnt/windows/Users/GUSTAVO/Dropbox/eng_comp/NetBeansProjects/EvolutivosTP1/GeneticAlgorithm.h
out:copy /mnt/windows/Users/GUSTAVO/Dropbox/eng_comp/NetBeansProjects/EvolutivosTP1/GPCodification.cpp
out:copy /mnt/windows/Users/GUSTAVO/Dropbox/eng_comp/NetBeansProjects/EvolutivosTP1/GPCodification.h
out:copy /mnt/windows/Users/GUSTAVO/Dropbox/eng_comp/NetBeansProjects/EvolutivosTP1/GPObjective.cpp
out:copy /mnt/windows/Users/GUSTAVO/Dropbox/eng_comp/NetBeansProjects/EvolutivosTP1/GPObjective.h
out:copy /mnt/windows/Users/GUSTAVO/Dropbox/eng_comp/NetBeansProjects/EvolutivosTP1/GPOperator.cpp
out:copy /mnt/windows/Users/GUSTAVO/Dropbox/eng_comp/NetBeansProjects/EvolutivosTP1/GPProblem.cpp
out:copy /mnt/windows/Users/GUSTAVO/Dropbox/eng_comp/NetBeansProjects/EvolutivosTP1/GPProblem.h
out:copy /mnt/windows/Users/GUSTAVO/Dropbox/eng_comp/NetBeansProjects/EvolutivosTP1/GRPCodification.cpp
out:copy /mnt/windows/Users/GUSTAVO/Dropbox/eng_comp/NetBeansProjects/EvolutivosTP1/GRPCodification.h
out:copy /mnt/windows/Users/GUSTAVO/Dropbox/eng_comp/NetBeansProjects/EvolutivosTP1/GRPObjective.cpp
out:copy /mnt/windows/Users/GUSTAVO/Dropbox/eng_comp/NetBeansProjects/EvolutivosTP1/GRPObjective.h
out:copy /mnt/windows/Users/GUSTAVO/Dropbox/eng_comp/NetBeansProjects/EvolutivosTP1/GRPOperator.cpp
out:copy /mnt/windows/Users/GUSTAVO/Dropbox/eng_comp/NetBeansProjects/EvolutivosTP1/GRPOperator.h
out:copy /mnt/windows/Users/GUSTAVO/Dropbox/eng_comp/NetBeansProjects/EvolutivosTP1/GRPProblem.cpp
out:copy /mnt/windows/Users/GUSTAVO/Dropbox/eng_comp/NetBeansProjects/EvolutivosTP1/GRPProblem.h
out:copy /mnt/windows/Users/GUSTAVO/Dropbox/eng_comp/NetBeansProjects/EvolutivosTP1/H6Codification.cpp
out:copy /mnt/windows/Users/GUSTAVO/Dropbox/eng_comp/NetBeansProjects/EvolutivosTP1/H6Codification.h
out:copy /mnt/windows/Users/GUSTAVO/Dropbox/eng_comp/NetBeansProjects/EvolutivosTP1/H6Objective.cpp
out:copy /mnt/windows/Users/GUSTAVO/Dropbox/eng_comp/NetBeansProjects/EvolutivosTP1/H6Objective.h
out:copy /mnt/windows/Users/GUSTAVO/Dropbox/eng_comp/NetBeansProjects/EvolutivosTP1/H6Operator.cpp
out:copy /mnt/windows/Users/GUSTAVO/Dropbox/eng_comp/NetBeansProjects/EvolutivosTP1/H6Operator.h
out:copy /mnt/windows/Users/GUSTAVO/Dropbox/eng_comp/NetBeansProjects/EvolutivosTP1/H6Problem.cpp
out:copy /mnt/windows/Users/GUSTAVO/Dropbox/eng_comp/NetBeansProjects/EvolutivosTP1/CMCodification.h
out:copy /mnt/windows/Users/GUSTAVO/Dropbox/eng_comp/NetBeansProjects/EvolutivosTP1/fRun.h
out:copy /mnt/windows/Users/GUSTAVO/Dropbox/eng_comp/NetBeansProjects/EvolutivosTP1/GPOperator.h
out:copy /mnt/windows/Users/GUSTAVO/Dropbox/eng_comp/NetBeansProjects/EvolutivosTP1/H6Problem.h
out:copy /mnt/windows/Users/GUSTAVO/Dropbox/eng_comp/NetBeansProjects/EvolutivosTP1/KLCodification.h
out:copy /mnt/windows/Users/GUSTAVO/Dropbox/eng_comp/NetBeansProjects/EvolutivosTP1/MCPObjective.cpp
out:copy /mnt/windows/Users/GUSTAVO/Dropbox/eng_comp/NetBeansProjects/EvolutivosTP1/MultiObjective.h
out:copy /mnt/windows/Users/GUSTAVO/Dropbox/eng_comp/NetBeansProjects/EvolutivosTP1/oInitializer.h
out:copy /mnt/windows/Users/GUSTAVO/Dropbox/eng_comp/NetBeansProjects/EvolutivosTP1/Runner.h
out:copy /mnt/windows/Users/GUSTAVO/Dropbox/eng_comp/NetBeansProjects/EvolutivosTP1/Solution.h
out:copy /mnt/windows/Users/GUSTAVO/Dropbox/eng_comp/NetBeansProjects/EvolutivosTP1/HSKCodification.cpp
out:copy /mnt/windows/Users/GUSTAVO/Dropbox/eng_comp/NetBeansProjects/EvolutivosTP1/HSKCodification.h
out:copy /mnt/windows/Users/GUSTAVO/Dropbox/eng_comp/NetBeansProjects/EvolutivosTP1/HSKObjective.cpp
out:copy /mnt/windows/Users/GUSTAVO/Dropbox/eng_comp/NetBeansProjects/EvolutivosTP1/HSKObjective.h
out:copy /mnt/windows/Users/GUSTAVO/Dropbox/eng_comp/NetBeansProjects/EvolutivosTP1/HSKOperator.cpp
out:copy /mnt/windows/Users/GUSTAVO/Dropbox/eng_comp/NetBeansProjects/EvolutivosTP1/HSKOperator.h
out:copy /mnt/windows/Users/GUSTAVO/Dropbox/eng_comp/NetBeansProjects/EvolutivosTP1/HSKProblem.cpp
out:copy /mnt/windows/Users/GUSTAVO/Dropbox/eng_comp/NetBeansProjects/EvolutivosTP1/HSKProblem.h
out:copy /mnt/windows/Users/GUSTAVO/Dropbox/eng_comp/NetBeansProjects/EvolutivosTP1/HVCodification.cpp
out:copy /mnt/windows/Users/GUSTAVO/Dropbox/eng_comp/NetBeansProjects/EvolutivosTP1/HVCodification.h
out:copy /mnt/windows/Users/GUSTAVO/Dropbox/eng_comp/NetBeansProjects/EvolutivosTP1/HVObjective.cpp
out:copy /mnt/windows/Users/GUSTAVO/Dropbox/eng_comp/NetBeansProjects/EvolutivosTP1/HVObjective.h
out:copy /mnt/windows/Users/GUSTAVO/Dropbox/eng_comp/NetBeansProjects/EvolutivosTP1/HVOperator.cpp
out:copy /mnt/windows/Users/GUSTAVO/Dropbox/eng_comp/NetBeansProjects/EvolutivosTP1/HVOperator.h
out:copy /mnt/windows/Users/GUSTAVO/Dropbox/eng_comp/NetBeansProjects/EvolutivosTP1/HVProblem.cpp
out:copy /mnt/windows/Users/GUSTAVO/Dropbox/eng_comp/NetBeansProjects/EvolutivosTP1/HVProblem.h
out:copy /mnt/windows/Users/GUSTAVO/Dropbox/eng_comp/NetBeansProjects/EvolutivosTP1/iFunction.h
out:copy /mnt/windows/Users/GUSTAVO/Dropbox/eng_comp/NetBeansProjects/EvolutivosTP1/Instance.cpp
out:copy /mnt/windows/Users/GUSTAVO/Dropbox/eng_comp/NetBeansProjects/EvolutivosTP1/Instance.h
out:copy /mnt/windows/Users/GUSTAVO/Dropbox/eng_comp/NetBeansProjects/EvolutivosTP1/iStopCustom.cpp
out:copy /mnt/windows/Users/GUSTAVO/Dropbox/eng_comp/NetBeansProjects/EvolutivosTP1/iStopCustom.h
out:copy /mnt/windows/Users/GUSTAVO/Dropbox/eng_comp/NetBeansProjects/EvolutivosTP1/iStopTime.cpp
out:copy /mnt/windows/Users/GUSTAVO/Dropbox/eng_comp/NetBeansProjects/EvolutivosTP1/iStopTime.h
out:copy /mnt/windows/Users/GUSTAVO/Dropbox/eng_comp/NetBeansProjects/EvolutivosTP1/KLCodification.cpp
out:copy /mnt/windows/Users/GUSTAVO/Dropbox/eng_comp/NetBeansProjects/EvolutivosTP1/KLObjective.cpp
out:copy /mnt/windows/Users/GUSTAVO/Dropbox/eng_comp/NetBeansProjects/EvolutivosTP1/KLObjective.h
out:copy /mnt/windows/Users/GUSTAVO/Dropbox/eng_comp/NetBeansProjects/EvolutivosTP1/KLOperator.cpp
out:copy /mnt/windows/Users/GUSTAVO/Dropbox/eng_comp/NetBeansProjects/EvolutivosTP1/KLOperator.h
out:copy /mnt/windows/Users/GUSTAVO/Dropbox/eng_comp/NetBeansProjects/EvolutivosTP1/KLProblem.cpp
out:copy /mnt/windows/Users/GUSTAVO/Dropbox/eng_comp/NetBeansProjects/EvolutivosTP1/KLProblem.h
out:copy /mnt/windows/Users/GUSTAVO/Dropbox/eng_comp/NetBeansProjects/EvolutivosTP1/LinkerNodes.cpp
out:copy /mnt/windows/Users/GUSTAVO/Dropbox/eng_comp/NetBeansProjects/EvolutivosTP1/LinkerNodes.h
out:copy /mnt/windows/Users/GUSTAVO/Dropbox/eng_comp/NetBeansProjects/EvolutivosTP1/LinkerParameterAbstract.cpp
out:copy /mnt/windows/Users/GUSTAVO/Dropbox/eng_comp/NetBeansProjects/EvolutivosTP1/LinkerParameterAbstract.h
out:copy /mnt/windows/Users/GUSTAVO/Dropbox/eng_comp/NetBeansProjects/EvolutivosTP1/LinkerParameters.h
out:copy /mnt/windows/Users/GUSTAVO/Dropbox/eng_comp/NetBeansProjects/EvolutivosTP1/LinkerResults.h
out:copy /mnt/windows/Users/GUSTAVO/Dropbox/eng_comp/NetBeansProjects/EvolutivosTP1/LinkerResultsImpl.cpp
out:copy /mnt/windows/Users/GUSTAVO/Dropbox/eng_comp/NetBeansProjects/EvolutivosTP1/LinkerResultsImpl.h
out:copy /mnt/windows/Users/GUSTAVO/Dropbox/eng_comp/NetBeansProjects/EvolutivosTP1/LinkerValidations.h
out:copy /mnt/windows/Users/GUSTAVO/Dropbox/eng_comp/NetBeansProjects/EvolutivosTP1/LM2Codification.cpp
out:copy /mnt/windows/Users/GUSTAVO/Dropbox/eng_comp/NetBeansProjects/EvolutivosTP1/LM2Codification.h
out:copy /mnt/windows/Users/GUSTAVO/Dropbox/eng_comp/NetBeansProjects/EvolutivosTP1/LM2Objective.cpp
out:copy /mnt/windows/Users/GUSTAVO/Dropbox/eng_comp/NetBeansProjects/EvolutivosTP1/LM2Objective.h
out:copy /mnt/windows/Users/GUSTAVO/Dropbox/eng_comp/NetBeansProjects/EvolutivosTP1/LM2Operator.cpp
out:copy /mnt/windows/Users/GUSTAVO/Dropbox/eng_comp/NetBeansProjects/EvolutivosTP1/LM2Operator.h
out:copy /mnt/windows/Users/GUSTAVO/Dropbox/eng_comp/NetBeansProjects/EvolutivosTP1/LM2Problem.cpp
out:copy /mnt/windows/Users/GUSTAVO/Dropbox/eng_comp/NetBeansProjects/EvolutivosTP1/LM2Problem.h
out:copy /mnt/windows/Users/GUSTAVO/Dropbox/eng_comp/NetBeansProjects/EvolutivosTP1/LocalMove.cpp
out:copy /mnt/windows/Users/GUSTAVO/Dropbox/eng_comp/NetBeansProjects/EvolutivosTP1/LocalMove.h
out:copy /mnt/windows/Users/GUSTAVO/Dropbox/eng_comp/NetBeansProjects/EvolutivosTP1/main.cpp
out:copy /mnt/windows/Users/GUSTAVO/Dropbox/eng_comp/NetBeansProjects/EvolutivosTP1/MCPCodification.cpp
out:copy /mnt/windows/Users/GUSTAVO/Dropbox/eng_comp/NetBeansProjects/EvolutivosTP1/MCPCodification.h
out:copy /mnt/windows/Users/GUSTAVO/Dropbox/eng_comp/NetBeansProjects/EvolutivosTP1/MCPObjective.h
out:copy /mnt/windows/Users/GUSTAVO/Dropbox/eng_comp/NetBeansProjects/EvolutivosTP1/MCPOperator.cpp
out:copy /mnt/windows/Users/GUSTAVO/Dropbox/eng_comp/NetBeansProjects/EvolutivosTP1/MCPOperator.h
out:copy /mnt/windows/Users/GUSTAVO/Dropbox/eng_comp/NetBeansProjects/EvolutivosTP1/MCPProblem.cpp
out:copy /mnt/windows/Users/GUSTAVO/Dropbox/eng_comp/NetBeansProjects/EvolutivosTP1/MCPProblem.h
out:copy /mnt/windows/Users/GUSTAVO/Dropbox/eng_comp/NetBeansProjects/EvolutivosTP1/MetaHeuristic.h
out:copy /mnt/windows/Users/GUSTAVO/Dropbox/eng_comp/NetBeansProjects/EvolutivosTP1/Model.cpp
out:copy /mnt/windows/Users/GUSTAVO/Dropbox/eng_comp/NetBeansProjects/EvolutivosTP1/Model.h
out:copy /mnt/windows/Users/GUSTAVO/Dropbox/eng_comp/NetBeansProjects/EvolutivosTP1/MRCodification.cpp
out:copy /mnt/windows/Users/GUSTAVO/Dropbox/eng_comp/NetBeansProjects/EvolutivosTP1/MRCodification.h
out:copy /mnt/windows/Users/GUSTAVO/Dropbox/eng_comp/NetBeansProjects/EvolutivosTP1/MRObjective.cpp
out:copy /mnt/windows/Users/GUSTAVO/Dropbox/eng_comp/NetBeansProjects/EvolutivosTP1/MRObjective.h
out:copy /mnt/windows/Users/GUSTAVO/Dropbox/eng_comp/NetBeansProjects/EvolutivosTP1/MROperator.cpp
out:copy /mnt/windows/Users/GUSTAVO/Dropbox/eng_comp/NetBeansProjects/EvolutivosTP1/MROperator.h
out:copy /mnt/windows/Users/GUSTAVO/Dropbox/eng_comp/NetBeansProjects/EvolutivosTP1/MRProblem.cpp
out:copy /mnt/windows/Users/GUSTAVO/Dropbox/eng_comp/NetBeansProjects/EvolutivosTP1/MRProblem.h
out:copy /mnt/windows/Users/GUSTAVO/Dropbox/eng_comp/NetBeansProjects/EvolutivosTP1/MultiObjective.cpp
out:copy /mnt/windows/Users/GUSTAVO/Dropbox/eng_comp/NetBeansProjects/EvolutivosTP1/MultiProblem.cpp
out:copy /mnt/windows/Users/GUSTAVO/Dropbox/eng_comp/NetBeansProjects/EvolutivosTP1/MultiProblem.h
out:copy /mnt/windows/Users/GUSTAVO/Dropbox/eng_comp/NetBeansProjects/EvolutivosTP1/nEvaluations.cpp
out:copy /mnt/windows/Users/GUSTAVO/Dropbox/eng_comp/NetBeansProjects/EvolutivosTP1/nEvaluations.h
out:copy /mnt/windows/Users/GUSTAVO/Dropbox/eng_comp/NetBeansProjects/EvolutivosTP1/Node.h
out:copy /mnt/windows/Users/GUSTAVO/Dropbox/eng_comp/NetBeansProjects/EvolutivosTP1/Node2.cpp
out:copy /mnt/windows/Users/GUSTAVO/Dropbox/eng_comp/NetBeansProjects/EvolutivosTP1/Node2.h
out:copy /mnt/windows/Users/GUSTAVO/Dropbox/eng_comp/NetBeansProjects/EvolutivosTP1/NodeEnd.h
out:copy /mnt/windows/Users/GUSTAVO/Dropbox/eng_comp/NetBeansProjects/EvolutivosTP1/NodeFactory.h
out:copy /mnt/windows/Users/GUSTAVO/Dropbox/eng_comp/NetBeansProjects/EvolutivosTP1/NodeParameter.h
out:copy /mnt/windows/Users/GUSTAVO/Dropbox/eng_comp/NetBeansProjects/EvolutivosTP1/NodeSingle.h
out:copy /mnt/windows/Users/GUSTAVO/Dropbox/eng_comp/NetBeansProjects/EvolutivosTP1/Objective.cpp
out:copy /mnt/windows/Users/GUSTAVO/Dropbox/eng_comp/NetBeansProjects/EvolutivosTP1/Objective.h
out:copy /mnt/windows/Users/GUSTAVO/Dropbox/eng_comp/NetBeansProjects/EvolutivosTP1/oCrossover.cpp
out:copy /mnt/windows/Users/GUSTAVO/Dropbox/eng_comp/NetBeansProjects/EvolutivosTP1/oCrossover.h
out:copy /mnt/windows/Users/GUSTAVO/Dropbox/eng_comp/NetBeansProjects/EvolutivosTP1/oInitializer.cpp
out:copy /mnt/windows/Users/GUSTAVO/Dropbox/eng_comp/NetBeansProjects/EvolutivosTP1/oLocalMove.cpp
out:copy /mnt/windows/Users/GUSTAVO/Dropbox/eng_comp/NetBeansProjects/EvolutivosTP1/oLocalMove.h
out:copy /mnt/windows/Users/GUSTAVO/Dropbox/eng_comp/NetBeansProjects/EvolutivosTP1/oMutation.cpp
out:copy /mnt/windows/Users/GUSTAVO/Dropbox/eng_comp/NetBeansProjects/EvolutivosTP1/oMutation.h
out:copy /mnt/windows/Users/GUSTAVO/Dropbox/eng_comp/NetBeansProjects/EvolutivosTP1/Operator.h
out:copy /mnt/windows/Users/GUSTAVO/Dropbox/eng_comp/NetBeansProjects/EvolutivosTP1/pIteration.cpp
out:copy /mnt/windows/Users/GUSTAVO/Dropbox/eng_comp/NetBeansProjects/EvolutivosTP1/pIteration.h
out:copy /mnt/windows/Users/GUSTAVO/Dropbox/eng_comp/NetBeansProjects/EvolutivosTP1/pRealMultiObjProblem.cpp
out:copy /mnt/windows/Users/GUSTAVO/Dropbox/eng_comp/NetBeansProjects/EvolutivosTP1/pRealMultiObjProblem.h
out:copy /mnt/windows/Users/GUSTAVO/Dropbox/eng_comp/NetBeansProjects/EvolutivosTP1/pRealSingleObjProblem.cpp
out:copy /mnt/windows/Users/GUSTAVO/Dropbox/eng_comp/NetBeansProjects/EvolutivosTP1/pRealSingleObjProblem.h
out:copy /mnt/windows/Users/GUSTAVO/Dropbox/eng_comp/NetBeansProjects/EvolutivosTP1/Problem.cpp
out:copy /mnt/windows/Users/GUSTAVO/Dropbox/eng_comp/NetBeansProjects/EvolutivosTP1/Problem.h
out:copy /mnt/windows/Users/GUSTAVO/Dropbox/eng_comp/NetBeansProjects/EvolutivosTP1/RgxRule.cpp
out:copy /mnt/windows/Users/GUSTAVO/Dropbox/eng_comp/NetBeansProjects/EvolutivosTP1/RgxRule.h
out:copy /mnt/windows/Users/GUSTAVO/Dropbox/eng_comp/NetBeansProjects/EvolutivosTP1/Run.h
out:copy /mnt/windows/Users/GUSTAVO/Dropbox/eng_comp/NetBeansProjects/EvolutivosTP1/Runner.cpp
out:copy /mnt/windows/Users/GUSTAVO/Dropbox/eng_comp/NetBeansProjects/EvolutivosTP1/SavePof.h
out:copy /mnt/windows/Users/GUSTAVO/Dropbox/eng_comp/NetBeansProjects/EvolutivosTP1/SaveSgl.h
out:copy /mnt/windows/Users/GUSTAVO/Dropbox/eng_comp/NetBeansProjects/EvolutivosTP1/Serv.cpp
out:copy /mnt/windows/Users/GUSTAVO/Dropbox/eng_comp/NetBeansProjects/EvolutivosTP1/Serv.h
out:copy /mnt/windows/Users/GUSTAVO/Dropbox/eng_comp/NetBeansProjects/EvolutivosTP1/Set.cpp
out:copy /mnt/windows/Users/GUSTAVO/Dropbox/eng_comp/NetBeansProjects/EvolutivosTP1/Set.h
out:copy /mnt/windows/Users/GUSTAVO/Dropbox/eng_comp/NetBeansProjects/EvolutivosTP1/SINCodification.cpp
out:copy /mnt/windows/Users/GUSTAVO/Dropbox/eng_comp/NetBeansProjects/EvolutivosTP1/SINCodification.h
out:copy /mnt/windows/Users/GUSTAVO/Dropbox/eng_comp/NetBeansProjects/EvolutivosTP1/SingleObjective.cpp
out:copy /mnt/windows/Users/GUSTAVO/Dropbox/eng_comp/NetBeansProjects/EvolutivosTP1/SingleObjective.h
out:copy /mnt/windows/Users/GUSTAVO/Dropbox/eng_comp/NetBeansProjects/EvolutivosTP1/SINObjective.cpp
out:copy /mnt/windows/Users/GUSTAVO/Dropbox/eng_comp/NetBeansProjects/EvolutivosTP1/SINObjective.h
out:copy /mnt/windows/Users/GUSTAVO/Dropbox/eng_comp/NetBeansProjects/EvolutivosTP1/SINOperator.cpp
out:copy /mnt/windows/Users/GUSTAVO/Dropbox/eng_comp/NetBeansProjects/EvolutivosTP1/SINOperator.h
out:copy /mnt/windows/Users/GUSTAVO/Dropbox/eng_comp/NetBeansProjects/EvolutivosTP1/SINProblem.cpp
out:copy /mnt/windows/Users/GUSTAVO/Dropbox/eng_comp/NetBeansProjects/EvolutivosTP1/SINProblem.h
out:copy /mnt/windows/Users/GUSTAVO/Dropbox/eng_comp/NetBeansProjects/EvolutivosTP1/SINU20Codification.cpp
out:copy /mnt/windows/Users/GUSTAVO/Dropbox/eng_comp/NetBeansProjects/EvolutivosTP1/SINU20Codification.h
out:copy /mnt/windows/Users/GUSTAVO/Dropbox/eng_comp/NetBeansProjects/EvolutivosTP1/SINU20Objective.cpp
out:copy /mnt/windows/Users/GUSTAVO/Dropbox/eng_comp/NetBeansProjects/EvolutivosTP1/SINU20Objective.h
out:copy /mnt/windows/Users/GUSTAVO/Dropbox/eng_comp/NetBeansProjects/EvolutivosTP1/SINU20Operator.cpp
out:copy /mnt/windows/Users/GUSTAVO/Dropbox/eng_comp/NetBeansProjects/EvolutivosTP1/SINU20Operator.h
out:copy /mnt/windows/Users/GUSTAVO/Dropbox/eng_comp/NetBeansProjects/EvolutivosTP1/SINU20Problem.cpp
out:copy /mnt/windows/Users/GUSTAVO/Dropbox/eng_comp/NetBeansProjects/EvolutivosTP1/SINU20Problem.h
out:copy /mnt/windows/Users/GUSTAVO/Dropbox/eng_comp/NetBeansProjects/EvolutivosTP1/Solution.cpp
out:copy /mnt/windows/Users/GUSTAVO/Dropbox/eng_comp/NetBeansProjects/EvolutivosTP1/Stream.h
out:copy /mnt/windows/Users/GUSTAVO/Dropbox/eng_comp/NetBeansProjects/EvolutivosTP1/StreamAdapter.cpp
out:copy /mnt/windows/Users/GUSTAVO/Dropbox/eng_comp/NetBeansProjects/EvolutivosTP1/StreamAdapter.h
out:copy /mnt/windows/Users/GUSTAVO/Dropbox/eng_comp/NetBeansProjects/EvolutivosTP1/StreamPrinter.h
out:copy /mnt/windows/Users/GUSTAVO/Dropbox/eng_comp/NetBeansProjects/EvolutivosTP1/StreamPrinterImpl.cpp
out:copy /mnt/windows/Users/GUSTAVO/Dropbox/eng_comp/NetBeansProjects/EvolutivosTP1/StreamPrinterImpl.h
out:copy /mnt/windows/Users/GUSTAVO/Dropbox/eng_comp/NetBeansProjects/EvolutivosTP1/StreamProgress.h
out:copy /mnt/windows/Users/GUSTAVO/Dropbox/eng_comp/NetBeansProjects/EvolutivosTP1/StreamProgressImpl.cpp
out:copy /mnt/windows/Users/GUSTAVO/Dropbox/eng_comp/NetBeansProjects/EvolutivosTP1/StreamProgressImpl.h
out:copy /mnt/windows/Users/GUSTAVO/Dropbox/eng_comp/NetBeansProjects/EvolutivosTP1/uException.cpp
out:copy /mnt/windows/Users/GUSTAVO/Dropbox/eng_comp/NetBeansProjects/EvolutivosTP1/uException.h
out:copy /mnt/windows/Users/GUSTAVO/Dropbox/eng_comp/NetBeansProjects/EvolutivosTP1/UniformDistribution.cpp
out:copy /mnt/windows/Users/GUSTAVO/Dropbox/eng_comp/NetBeansProjects/EvolutivosTP1/UniformDistribution.h
out:copy /mnt/windows/Users/GUSTAVO/Dropbox/eng_comp/NetBeansProjects/EvolutivosTP1/uRandom.cpp
out:copy /mnt/windows/Users/GUSTAVO/Dropbox/eng_comp/NetBeansProjects/EvolutivosTP1/uRandom.h
out:copy /mnt/windows/Users/GUSTAVO/Dropbox/eng_comp/NetBeansProjects/EvolutivosTP1/uUtil.cpp
out:copy /mnt/windows/Users/GUSTAVO/Dropbox/eng_comp/NetBeansProjects/EvolutivosTP1/uUtil.h
out:copy /mnt/windows/Users/GUSTAVO/Dropbox/eng_comp/NetBeansProjects/EvolutivosTP1/WinNeeds.cpp
out:copy /mnt/windows/Users/GUSTAVO/Dropbox/eng_comp/NetBeansProjects/EvolutivosTP1/WinNeeds.h
out:copy /mnt/windows/Users/GUSTAVO/Dropbox/eng_comp/NetBeansProjects/EvolutivosTP1/WinParams.cpp
out:copy /mnt/windows/Users/GUSTAVO/Dropbox/eng_comp/NetBeansProjects/EvolutivosTP1/WinParams.h
out:copy /mnt/windows/Users/GUSTAVO/Dropbox/eng_comp/NetBeansProjects/EvolutivosTP1/WinServ.cpp
out:copy /mnt/windows/Users/GUSTAVO/Dropbox/eng_comp/NetBeansProjects/EvolutivosTP1/WinServ.h
out:copy /mnt/windows/Users/GUSTAVO/Dropbox/eng_comp/NetBeansProjects/EvolutivosTP1/WinServices.cpp
out:copy /mnt/windows/Users/GUSTAVO/Dropbox/eng_comp/NetBeansProjects/EvolutivosTP1/WinServices.h
out:copy /mnt/windows/Users/GUSTAVO/Dropbox/eng_comp/NetBeansProjects/EvolutivosTP1/WPCodification.cpp
out:copy /mnt/windows/Users/GUSTAVO/Dropbox/eng_comp/NetBeansProjects/EvolutivosTP1/WPCodification.h
out:copy /mnt/windows/Users/GUSTAVO/Dropbox/eng_comp/NetBeansProjects/EvolutivosTP1/WPObjective.cpp
out:copy /mnt/windows/Users/GUSTAVO/Dropbox/eng_comp/NetBeansProjects/EvolutivosTP1/WPObjective.h
out:copy /mnt/windows/Users/GUSTAVO/Dropbox/eng_comp/NetBeansProjects/EvolutivosTP1/WPOperator.cpp
out:copy /mnt/windows/Users/GUSTAVO/Dropbox/eng_comp/NetBeansProjects/EvolutivosTP1/WPOperator.h
out:copy /mnt/windows/Users/GUSTAVO/Dropbox/eng_comp/NetBeansProjects/EvolutivosTP1/WPProblem.cpp
out:copy /mnt/windows/Users/GUSTAVO/Dropbox/eng_comp/NetBeansProjects/EvolutivosTP1/WPProblem.h
rtn:340021
The version 'Cpp' was created
-----------------------------[ Compile ]-----------------------------
Try compile version 'Cpp'
out:----------------[.cfg]------------------
out:dependences     = 
out:lib_path       = 
out:cpp_options    = -O0
out:local_options  = 
out:global_options  = 
out:----------------[ end ]------------------
out:cd /mnt/windows/Users/GUSTAVO/Dropbox/eng_comp/NetBeansProjects/EvolutivosTP1/work_space/code/Cpp
out:remove Cpp.exe
out:remove *.o
out:compile *.cpp
out:	g++ -O0 -c ACKCodification.cpp
out:	g++ -O0 -c ACKObjective.cpp
out:	g++ -O0 -c ACKOperator.cpp
out:	g++ -O0 -c ACKProblem.cpp
out:	g++ -O0 -c aStop.cpp
out:	g++ -O0 -c Best.cpp
out:	g++ -O0 -c BestPareto.cpp
out:	g++ -O0 -c BestSol.cpp
out:	g++ -O0 -c BoundInt.cpp
out:	g++ -O0 -c BRCodification.cpp
out:	g++ -O0 -c BRObjective.cpp
out:	g++ -O0 -c BROperator.cpp
out:	g++ -O0 -c BRProblem.cpp
out:	g++ -O0 -c CMCodification.cpp
out:	g++ -O0 -c CMObjective.cpp
out:	g++ -O0 -c CMOperator.cpp
out:	g++ -O0 -c CMProblem.cpp
out:	g++ -O0 -c ComDefines.cpp
out:	g++ -O0 -c cReal.cpp
out:	g++ -O0 -c dVertex.cpp
out:	g++ -O0 -c EXPCodification.cpp
out:	g++ -O0 -c EXPObjective.cpp
out:	g++ -O0 -c EXPOperator.cpp
out:	g++ -O0 -c EXPProblem.cpp
out:	g++ -O0 -c Fact.cpp
out:	g++ -O0 -c fProblem.cpp
out:	g++ -O0 -c fRealOperator.cpp
out:	g++ -O0 -c fRun.cpp
out:	g++ -O0 -c FUNCodification.cpp
out:	g++ -O0 -c FUNObjective.cpp
out:	g++ -O0 -c FUNOperator.cpp
out:	g++ -O0 -c FUNProblem.cpp
out:	g++ -O0 -c GaussianDistribution.cpp
out:	g++ -O0 -c BoundDbl.cpp
out:	g++ -O0 -c Codification.cpp
out:	g++ -O0 -c KLOperator.cpp
out:	g++ -O0 -c MRObjective.cpp
out:	g++ -O0 -c SINOperator.cpp
out:	g++ -O0 -c StreamPrinterImpl.cpp
out:	g++ -O0 -c GeneticAlgorithm.cpp
out:	g++ -O0 -c GPCodification.cpp
out:	g++ -O0 -c GPObjective.cpp
out:	g++ -O0 -c GPOperator.cpp
out:	g++ -O0 -c GPProblem.cpp
out:	g++ -O0 -c GRPCodification.cpp
out:	g++ -O0 -c GRPObjective.cpp
out:	g++ -O0 -c GRPOperator.cpp
out:	g++ -O0 -c GRPProblem.cpp
out:	g++ -O0 -c H6Codification.cpp
out:	g++ -O0 -c H6Objective.cpp
out:	g++ -O0 -c H6Operator.cpp
out:	g++ -O0 -c H6Problem.cpp
out:	g++ -O0 -c HSKCodification.cpp
out:	g++ -O0 -c HSKObjective.cpp
out:	g++ -O0 -c HSKOperator.cpp
out:	g++ -O0 -c HSKProblem.cpp
out:	g++ -O0 -c HVCodification.cpp
out:	g++ -O0 -c HVObjective.cpp
out:	g++ -O0 -c HVOperator.cpp
out:	g++ -O0 -c HVProblem.cpp
out:	g++ -O0 -c Instance.cpp
out:	g++ -O0 -c iStopCustom.cpp
out:	g++ -O0 -c iStopTime.cpp
out:	g++ -O0 -c KLCodification.cpp
out:	g++ -O0 -c KLObjective.cpp
out:	g++ -O0 -c KLProblem.cpp
out:	g++ -O0 -c LinkerNodes.cpp
out:	g++ -O0 -c LinkerParameterAbstract.cpp
out:	g++ -O0 -c LinkerResultsImpl.cpp
out:	g++ -O0 -c LM2Codification.cpp
out:	g++ -O0 -c LM2Objective.cpp
out:	g++ -O0 -c LM2Operator.cpp
out:	g++ -O0 -c LM2Problem.cpp
out:	g++ -O0 -c LocalMove.cpp
out:	g++ -O0 -c main.cpp
out:	g++ -O0 -c MCPCodification.cpp
out:	g++ -O0 -c MCPObjective.cpp
out:	g++ -O0 -c MCPOperator.cpp
out:	g++ -O0 -c MCPProblem.cpp
out:	g++ -O0 -c Model.cpp
out:	g++ -O0 -c MRCodification.cpp
out:	g++ -O0 -c MROperator.cpp
out:	g++ -O0 -c MRProblem.cpp
out:	g++ -O0 -c MultiObjective.cpp
out:	g++ -O0 -c MultiProblem.cpp
out:	g++ -O0 -c nEvaluations.cpp
out:	g++ -O0 -c Node2.cpp
out:	g++ -O0 -c Objective.cpp
out:	g++ -O0 -c oCrossover.cpp
out:	g++ -O0 -c oInitializer.cpp
out:	g++ -O0 -c oLocalMove.cpp
out:	g++ -O0 -c oMutation.cpp
out:	g++ -O0 -c pIteration.cpp
out:	g++ -O0 -c pRealMultiObjProblem.cpp
out:	g++ -O0 -c pRealSingleObjProblem.cpp
out:	g++ -O0 -c Problem.cpp
out:	g++ -O0 -c RgxRule.cpp
out:	g++ -O0 -c Runner.cpp
out:	g++ -O0 -c Serv.cpp
out:	g++ -O0 -c Set.cpp
out:	g++ -O0 -c SINCodification.cpp
out:	g++ -O0 -c SingleObjective.cpp
out:	g++ -O0 -c SINObjective.cpp
out:	g++ -O0 -c SINProblem.cpp
out:	g++ -O0 -c SINU20Codification.cpp
out:	g++ -O0 -c SINU20Objective.cpp
out:	g++ -O0 -c SINU20Operator.cpp
out:	g++ -O0 -c SINU20Problem.cpp
out:	g++ -O0 -c Solution.cpp
out:	g++ -O0 -c StreamAdapter.cpp
out:	g++ -O0 -c StreamProgressImpl.cpp
out:	g++ -O0 -c uException.cpp
out:	g++ -O0 -c UniformDistribution.cpp
out:	g++ -O0 -c uRandom.cpp
out:	g++ -O0 -c uUtil.cpp
out:	g++ -O0 -c WinNeeds.cpp
out:	g++ -O0 -c WinParams.cpp
out:	g++ -O0 -c WinServ.cpp
out:	g++ -O0 -c WinServices.cpp
out:	g++ -O0 -c WPCodification.cpp
out:	g++ -O0 -c WPObjective.cpp
out:	g++ -O0 -c WPOperator.cpp
out:	g++ -O0 -c WPProblem.cpp
out:link *.o
out:	g++ -O0 -o Cpp.exe
out:		ACKCodification.o
out:		ACKObjective.o
out:		ACKOperator.o
out:		ACKProblem.o
out:		aStop.o
out:		Best.o
out:		BestPareto.o
out:		BestSol.o
out:		BoundDbl.o
out:		BoundInt.o
out:		BRCodification.o
out:		BRObjective.o
out:		BROperator.o
out:		BRProblem.o
out:		CMCodification.o
out:		CMObjective.o
out:		CMOperator.o
out:		CMProblem.o
out:		Codification.o
out:		ComDefines.o
out:		cReal.o
out:		dVertex.o
out:		EXPCodification.o
out:		EXPObjective.o
out:		EXPOperator.o
out:		EXPProblem.o
out:		Fact.o
out:		fProblem.o
out:		fRealOperator.o
out:		fRun.o
out:		FUNCodification.o
out:		FUNObjective.o
out:		FUNOperator.o
out:		FUNProblem.o
out:		uUtil.o
out:		GaussianDistribution.o
out:		GeneticAlgorithm.o
out:		GPCodification.o
out:		GPObjective.o
out:		GPOperator.o
out:		GPProblem.o
out:		GRPCodification.o
out:		GRPObjective.o
out:		GRPOperator.o
out:		GRPProblem.o
out:		H6Codification.o
out:		H6Objective.o
out:		H6Operator.o
out:		H6Problem.o
out:		HSKCodification.o
out:		HSKObjective.o
out:		HSKOperator.o
out:		HSKProblem.o
out:		HVCodification.o
out:		HVObjective.o
out:		HVOperator.o
out:		HVProblem.o
out:		Instance.o
out:		iStopCustom.o
out:		iStopTime.o
out:		KLCodification.o
out:		KLObjective.o
out:		KLOperator.o
out:		KLProblem.o
out:		LinkerNodes.o
out:		LinkerParameterAbstract.o
out:		LinkerResultsImpl.o
out:		LM2Codification.o
out:		LM2Objective.o
out:		LM2Operator.o
out:		LM2Problem.o
out:		LocalMove.o
out:		main.o
out:		MCPCodification.o
out:		MCPObjective.o
out:		MCPOperator.o
out:		MCPProblem.o
out:		Model.o
out:		MRCodification.o
out:		MRObjective.o
out:		MROperator.o
out:		MRProblem.o
out:		MultiObjective.o
out:		MultiProblem.o
out:		nEvaluations.o
out:		Node2.o
out:		Objective.o
out:		oCrossover.o
out:		oInitializer.o
out:		oLocalMove.o
out:		oMutation.o
out:		pIteration.o
out:		pRealMultiObjProblem.o
out:		pRealSingleObjProblem.o
out:		Problem.o
out:		RgxRule.o
out:		Runner.o
out:		Serv.o
out:		Set.o
out:		SINCodification.o
out:		SingleObjective.o
out:		SINObjective.o
out:		SINOperator.o
out:		SINProblem.o
out:		SINU20Codification.o
out:		SINU20Objective.o
out:		SINU20Operator.o
out:		SINU20Problem.o
out:		Solution.o
out:		StreamAdapter.o
out:		StreamPrinterImpl.o
out:		StreamProgressImpl.o
out:		uException.o
out:		UniformDistribution.o
out:		uRandom.o
out:		WinNeeds.o
out:		WinParams.o
out:		WinServ.o
out:		WinServices.o
out:		WPCodification.o
out:		WPObjective.o
out:		WPOperator.o
out:		WPProblem.o
out:total erros = 0
rtn:803824
The version 'Cpp' was compiled
-----------------------------[ Make Model ]-----------------------------
Try make model in version 'Cpp'
rtn:88
The version 'Cpp' mounted model
